<?xml version="1.0" encoding="UTF-8"?>
<coverage generated="1677367204399" clover="3.2.0">
  <project timestamp="1677367204399" name="All files">
    <metrics statements="190" coveredstatements="164" conditionals="87" coveredconditionals="65" methods="37" coveredmethods="34" elements="314" coveredelements="263" complexity="0" loc="190" ncloc="190" packages="1" files="5" classes="5"/>
    <file name="cardPayment.js" path="/Users/baptiste/Documents/Dev/Epsi/TDD/MachineACafeG3/src/cardPayment.js">
      <metrics statements="7" coveredstatements="7" conditionals="2" coveredconditionals="2" methods="3" coveredmethods="3"/>
      <line num="3" count="23" type="stmt"/>
      <line num="6" count="2" type="cond" truecount="2" falsecount="0"/>
      <line num="7" count="1" type="stmt"/>
      <line num="8" count="1" type="stmt"/>
      <line num="10" count="1" type="stmt"/>
      <line num="14" count="4" type="stmt"/>
      <line num="18" count="7" type="stmt"/>
    </file>
    <file name="cardPaymentBuilder.js" path="/Users/baptiste/Documents/Dev/Epsi/TDD/MachineACafeG3/src/cardPaymentBuilder.js">
      <metrics statements="9" coveredstatements="7" conditionals="2" coveredconditionals="1" methods="4" coveredmethods="3"/>
      <line num="1" count="7" type="stmt"/>
      <line num="9" count="23" type="stmt"/>
      <line num="15" count="22" type="stmt"/>
      <line num="16" count="22" type="stmt"/>
      <line num="22" count="0" type="stmt"/>
      <line num="23" count="0" type="stmt"/>
      <line num="29" count="1" type="stmt"/>
      <line num="30" count="1" type="stmt"/>
      <line num="34" count="7" type="stmt"/>
    </file>
    <file name="coffee.js" path="/Users/baptiste/Documents/Dev/Epsi/TDD/MachineACafeG3/src/coffee.js">
      <metrics statements="21" coveredstatements="21" conditionals="0" coveredconditionals="0" methods="5" coveredmethods="5"/>
      <line num="3" count="88" type="stmt"/>
      <line num="9" count="22" type="stmt"/>
      <line num="10" count="22" type="stmt"/>
      <line num="13" count="7" type="stmt"/>
      <line num="14" count="7" type="stmt"/>
      <line num="19" count="22" type="stmt"/>
      <line num="20" count="22" type="stmt"/>
      <line num="23" count="7" type="stmt"/>
      <line num="24" count="7" type="stmt"/>
      <line num="29" count="22" type="stmt"/>
      <line num="30" count="22" type="stmt"/>
      <line num="33" count="7" type="stmt"/>
      <line num="34" count="7" type="stmt"/>
      <line num="39" count="22" type="stmt"/>
      <line num="40" count="22" type="stmt"/>
      <line num="43" count="7" type="stmt"/>
      <line num="44" count="7" type="stmt"/>
      <line num="47" count="7" type="stmt"/>
      <line num="48" count="7" type="stmt"/>
      <line num="49" count="7" type="stmt"/>
      <line num="50" count="7" type="stmt"/>
    </file>
    <file name="machine.js" path="/Users/baptiste/Documents/Dev/Epsi/TDD/MachineACafeG3/src/machine.js">
      <metrics statements="98" coveredstatements="74" conditionals="72" coveredconditionals="51" methods="15" coveredmethods="13"/>
      <line num="1" count="7" type="stmt"/>
      <line num="12" count="23" type="stmt"/>
      <line num="13" count="23" type="stmt"/>
      <line num="14" count="23" type="stmt"/>
      <line num="15" count="23" type="stmt"/>
      <line num="16" count="23" type="stmt"/>
      <line num="17" count="23" type="stmt"/>
      <line num="18" count="23" type="stmt"/>
      <line num="23" count="88" type="stmt"/>
      <line num="24" count="880" type="stmt"/>
      <line num="30" count="23" type="cond" truecount="2" falsecount="0"/>
      <line num="31" count="1" type="stmt"/>
      <line num="34" count="22" type="cond" truecount="2" falsecount="0"/>
      <line num="35" count="1" type="stmt"/>
      <line num="38" count="21" type="cond" truecount="2" falsecount="0"/>
      <line num="39" count="2" type="stmt"/>
      <line num="42" count="19" type="cond" truecount="2" falsecount="0"/>
      <line num="43" count="4" type="stmt"/>
      <line num="47" count="15" type="cond" truecount="2" falsecount="0"/>
      <line num="48" count="3" type="cond" truecount="2" falsecount="0"/>
      <line num="49" count="2" type="stmt"/>
      <line num="54" count="15" type="cond" truecount="2" falsecount="0"/>
      <line num="55" count="1" type="stmt"/>
      <line num="58" count="15" type="cond" truecount="5" falsecount="0"/>
      <line num="61" count="11" type="cond" truecount="1" falsecount="1"/>
      <line num="64" count="11" type="cond" truecount="2" falsecount="0"/>
      <line num="66" count="2" type="cond" truecount="2" falsecount="0"/>
      <line num="67" count="1" type="stmt"/>
      <line num="68" count="1" type="stmt"/>
      <line num="70" count="1" type="stmt"/>
      <line num="73" count="9" type="cond" truecount="2" falsecount="0"/>
      <line num="77" count="7" type="stmt"/>
      <line num="78" count="7" type="stmt"/>
      <line num="79" count="7" type="cond" truecount="2" falsecount="0"/>
      <line num="80" count="6" type="stmt"/>
      <line num="82" count="1" type="stmt"/>
      <line num="85" count="2" type="stmt"/>
      <line num="87" count="0" type="stmt"/>
      <line num="91" count="1" type="cond" truecount="1" falsecount="1"/>
      <line num="94" count="1" type="cond" truecount="1" falsecount="1"/>
      <line num="96" count="0" type="cond" truecount="0" falsecount="2"/>
      <line num="97" count="0" type="stmt"/>
      <line num="98" count="0" type="stmt"/>
      <line num="100" count="0" type="stmt"/>
      <line num="103" count="1" type="cond" truecount="1" falsecount="1"/>
      <line num="107" count="1" type="stmt"/>
      <line num="108" count="1" type="stmt"/>
      <line num="109" count="1" type="cond" truecount="1" falsecount="1"/>
      <line num="110" count="1" type="stmt"/>
      <line num="112" count="0" type="stmt"/>
      <line num="115" count="0" type="stmt"/>
      <line num="117" count="0" type="stmt"/>
      <line num="121" count="1" type="cond" truecount="1" falsecount="1"/>
      <line num="124" count="1" type="cond" truecount="1" falsecount="1"/>
      <line num="126" count="0" type="cond" truecount="0" falsecount="2"/>
      <line num="127" count="0" type="stmt"/>
      <line num="128" count="0" type="stmt"/>
      <line num="130" count="0" type="stmt"/>
      <line num="133" count="1" type="cond" truecount="3" falsecount="1"/>
      <line num="134" count="1" type="stmt"/>
      <line num="135" count="1" type="stmt"/>
      <line num="136" count="1" type="cond" truecount="1" falsecount="1"/>
      <line num="137" count="1" type="stmt"/>
      <line num="139" count="0" type="stmt"/>
      <line num="142" count="0" type="stmt"/>
      <line num="145" count="0" type="stmt"/>
      <line num="149" count="1" type="cond" truecount="1" falsecount="1"/>
      <line num="152" count="1" type="cond" truecount="1" falsecount="1"/>
      <line num="154" count="0" type="cond" truecount="0" falsecount="2"/>
      <line num="155" count="0" type="stmt"/>
      <line num="156" count="0" type="stmt"/>
      <line num="158" count="0" type="stmt"/>
      <line num="161" count="1" type="cond" truecount="3" falsecount="1"/>
      <line num="162" count="1" type="stmt"/>
      <line num="163" count="1" type="stmt"/>
      <line num="164" count="1" type="cond" truecount="1" falsecount="1"/>
      <line num="165" count="1" type="stmt"/>
      <line num="167" count="0" type="stmt"/>
      <line num="170" count="0" type="stmt"/>
      <line num="172" count="0" type="stmt"/>
      <line num="175" count="1" type="stmt"/>
      <line num="181" count="14" type="stmt"/>
      <line num="186" count="11" type="stmt"/>
      <line num="187" count="440" type="stmt"/>
      <line num="190" count="11" type="stmt"/>
      <line num="192" count="11" type="stmt"/>
      <line num="193" count="440" type="stmt"/>
      <line num="198" count="11" type="stmt"/>
      <line num="199" count="11" type="stmt"/>
      <line num="200" count="11" type="stmt"/>
      <line num="201" count="11" type="stmt"/>
      <line num="206" count="1829" type="stmt"/>
      <line num="211" count="2" type="stmt"/>
      <line num="215" count="10" type="stmt"/>
      <line num="219" count="2" type="stmt"/>
      <line num="223" count="0" type="stmt"/>
      <line num="227" count="0" type="stmt"/>
      <line num="231" count="7" type="stmt"/>
    </file>
    <file name="machineBuilder.js" path="/Users/baptiste/Documents/Dev/Epsi/TDD/MachineACafeG3/src/machineBuilder.js">
      <metrics statements="55" coveredstatements="55" conditionals="11" coveredconditionals="11" methods="10" coveredmethods="10"/>
      <line num="1" count="7" type="stmt"/>
      <line num="2" count="7" type="stmt"/>
      <line num="3" count="7" type="stmt"/>
      <line num="17" count="23" type="stmt"/>
      <line num="31" count="13" type="stmt"/>
      <line num="32" count="13" type="stmt"/>
      <line num="33" count="13" type="stmt"/>
      <line num="34" count="13" type="stmt"/>
      <line num="35" count="13" type="stmt"/>
      <line num="36" count="13" type="stmt"/>
      <line num="49" count="3" type="stmt"/>
      <line num="56" count="3" type="stmt"/>
      <line num="57" count="3" type="stmt"/>
      <line num="58" count="3" type="stmt"/>
      <line num="59" count="3" type="stmt"/>
      <line num="60" count="3" type="stmt"/>
      <line num="67" count="1" type="stmt"/>
      <line num="68" count="1" type="stmt"/>
      <line num="69" count="1" type="stmt"/>
      <line num="70" count="1" type="stmt"/>
      <line num="71" count="1" type="stmt"/>
      <line num="78" count="1" type="stmt"/>
      <line num="79" count="1" type="stmt"/>
      <line num="80" count="1" type="stmt"/>
      <line num="81" count="1" type="stmt"/>
      <line num="82" count="1" type="stmt"/>
      <line num="89" count="1" type="stmt"/>
      <line num="90" count="1" type="stmt"/>
      <line num="91" count="1" type="stmt"/>
      <line num="92" count="1" type="stmt"/>
      <line num="93" count="1" type="stmt"/>
      <line num="100" count="1" type="stmt"/>
      <line num="101" count="1" type="stmt"/>
      <line num="102" count="1" type="stmt"/>
      <line num="103" count="1" type="stmt"/>
      <line num="104" count="1" type="stmt"/>
      <line num="111" count="1" type="stmt"/>
      <line num="112" count="1" type="stmt"/>
      <line num="113" count="1" type="stmt"/>
      <line num="114" count="1" type="stmt"/>
      <line num="115" count="1" type="stmt"/>
      <line num="116" count="1" type="stmt"/>
      <line num="123" count="1" type="stmt"/>
      <line num="129" count="1" type="stmt"/>
      <line num="130" count="1" type="stmt"/>
      <line num="131" count="1" type="stmt"/>
      <line num="132" count="1" type="stmt"/>
      <line num="133" count="1" type="stmt"/>
      <line num="141" count="1" type="stmt"/>
      <line num="149" count="1" type="stmt"/>
      <line num="150" count="1" type="stmt"/>
      <line num="151" count="1" type="stmt"/>
      <line num="152" count="1" type="stmt"/>
      <line num="153" count="1" type="stmt"/>
      <line num="157" count="7" type="stmt"/>
    </file>
  </project>
</coverage>
