{"/Users/baptiste/Documents/Dev/Epsi/TDD/MachineACafeG3/src/cardPayment.js": {"path":"/Users/baptiste/Documents/Dev/Epsi/TDD/MachineACafeG3/src/cardPayment.js","statementMap":{"0":{"start":{"line":3,"column":8},"end":{"line":3,"column":41}},"1":{"start":{"line":6,"column":8},"end":{"line":9,"column":9}},"2":{"start":{"line":7,"column":12},"end":{"line":7,"column":40}},"3":{"start":{"line":8,"column":12},"end":{"line":8,"column":24}},"4":{"start":{"line":10,"column":8},"end":{"line":10,"column":21}},"5":{"start":{"line":14,"column":8},"end":{"line":14,"column":33}},"6":{"start":{"line":18,"column":0},"end":{"line":18,"column":34}}},"fnMap":{"0":{"name":"(anonymous_0)","decl":{"start":{"line":2,"column":4},"end":{"line":2,"column":5}},"loc":{"start":{"line":2,"column":30},"end":{"line":4,"column":5}},"line":2},"1":{"name":"(anonymous_1)","decl":{"start":{"line":5,"column":4},"end":{"line":5,"column":5}},"loc":{"start":{"line":5,"column":16},"end":{"line":11,"column":5}},"line":5},"2":{"name":"(anonymous_2)","decl":{"start":{"line":13,"column":4},"end":{"line":13,"column":5}},"loc":{"start":{"line":13,"column":22},"end":{"line":15,"column":5}},"line":13}},"branchMap":{"0":{"loc":{"start":{"line":6,"column":8},"end":{"line":9,"column":9}},"type":"if","locations":[{"start":{"line":6,"column":8},"end":{"line":9,"column":9}},{"start":{},"end":{}}],"line":6}},"s":{"0":23,"1":2,"2":1,"3":1,"4":1,"5":4,"6":7},"f":{"0":23,"1":2,"2":4},"b":{"0":[1,1]},"_coverageSchema":"1a1c01bbd47fc00a2c39e90264f33305004495a9","hash":"0ac5806bcc4810f70a3ed50bac1d3ceda6bc48ff"}
,"/Users/baptiste/Documents/Dev/Epsi/TDD/MachineACafeG3/src/cardPaymentBuilder.js": {"path":"/Users/baptiste/Documents/Dev/Epsi/TDD/MachineACafeG3/src/cardPaymentBuilder.js","statementMap":{"0":{"start":{"line":1,"column":24},"end":{"line":1,"column":51}},"1":{"start":{"line":9,"column":8},"end":{"line":9,"column":45}},"2":{"start":{"line":15,"column":28},"end":{"line":15,"column":60}},"3":{"start":{"line":16,"column":8},"end":{"line":16,"column":27}},"4":{"start":{"line":22,"column":28},"end":{"line":22,"column":72}},"5":{"start":{"line":23,"column":8},"end":{"line":23,"column":27}},"6":{"start":{"line":29,"column":28},"end":{"line":29,"column":61}},"7":{"start":{"line":30,"column":8},"end":{"line":30,"column":27}},"8":{"start":{"line":34,"column":0},"end":{"line":34,"column":48}}},"fnMap":{"0":{"name":"(anonymous_0)","decl":{"start":{"line":8,"column":4},"end":{"line":8,"column":5}},"loc":{"start":{"line":8,"column":29},"end":{"line":10,"column":5}},"line":8},"1":{"name":"(anonymous_1)","decl":{"start":{"line":14,"column":4},"end":{"line":14,"column":5}},"loc":{"start":{"line":14,"column":38},"end":{"line":17,"column":5}},"line":14},"2":{"name":"(anonymous_2)","decl":{"start":{"line":21,"column":4},"end":{"line":21,"column":5}},"loc":{"start":{"line":21,"column":54},"end":{"line":24,"column":5}},"line":21},"3":{"name":"(anonymous_3)","decl":{"start":{"line":28,"column":4},"end":{"line":28,"column":5}},"loc":{"start":{"line":28,"column":36},"end":{"line":31,"column":5}},"line":28}},"branchMap":{"0":{"loc":{"start":{"line":8,"column":10},"end":{"line":8,"column":27}},"type":"default-arg","locations":[{"start":{"line":8,"column":25},"end":{"line":8,"column":27}}],"line":8},"1":{"loc":{"start":{"line":21,"column":35},"end":{"line":21,"column":52}},"type":"default-arg","locations":[{"start":{"line":21,"column":50},"end":{"line":21,"column":52}}],"line":21}},"s":{"0":7,"1":23,"2":22,"3":22,"4":0,"5":0,"6":1,"7":1,"8":7},"f":{"0":23,"1":22,"2":0,"3":1},"b":{"0":[22],"1":[0]},"_coverageSchema":"1a1c01bbd47fc00a2c39e90264f33305004495a9","hash":"0c43c02772fc2accf0dbb137936556d15425a904"}
,"/Users/baptiste/Documents/Dev/Epsi/TDD/MachineACafeG3/src/coffee.js": {"path":"/Users/baptiste/Documents/Dev/Epsi/TDD/MachineACafeG3/src/coffee.js","statementMap":{"0":{"start":{"line":3,"column":8},"end":{"line":3,"column":35}},"1":{"start":{"line":9,"column":8},"end":{"line":9,"column":16}},"2":{"start":{"line":10,"column":8},"end":{"line":10,"column":43}},"3":{"start":{"line":13,"column":16},"end":{"line":13,"column":17}},"4":{"start":{"line":14,"column":19},"end":{"line":14,"column":22}},"5":{"start":{"line":19,"column":8},"end":{"line":19,"column":16}},"6":{"start":{"line":20,"column":8},"end":{"line":20,"column":39}},"7":{"start":{"line":23,"column":16},"end":{"line":23,"column":17}},"8":{"start":{"line":24,"column":19},"end":{"line":24,"column":22}},"9":{"start":{"line":29,"column":8},"end":{"line":29,"column":16}},"10":{"start":{"line":30,"column":8},"end":{"line":30,"column":34}},"11":{"start":{"line":33,"column":16},"end":{"line":33,"column":17}},"12":{"start":{"line":34,"column":19},"end":{"line":34,"column":22}},"13":{"start":{"line":39,"column":8},"end":{"line":39,"column":16}},"14":{"start":{"line":40,"column":8},"end":{"line":40,"column":37}},"15":{"start":{"line":43,"column":16},"end":{"line":43,"column":17}},"16":{"start":{"line":44,"column":19},"end":{"line":44,"column":22}},"17":{"start":{"line":47,"column":0},"end":{"line":47,"column":32}},"18":{"start":{"line":48,"column":0},"end":{"line":48,"column":22}},"19":{"start":{"line":49,"column":0},"end":{"line":49,"column":28}},"20":{"start":{"line":50,"column":0},"end":{"line":50,"column":38}}},"fnMap":{"0":{"name":"(anonymous_0)","decl":{"start":{"line":2,"column":4},"end":{"line":2,"column":5}},"loc":{"start":{"line":2,"column":18},"end":{"line":4,"column":5}},"line":2},"1":{"name":"(anonymous_1)","decl":{"start":{"line":8,"column":4},"end":{"line":8,"column":5}},"loc":{"start":{"line":8,"column":18},"end":{"line":11,"column":5}},"line":8},"2":{"name":"(anonymous_2)","decl":{"start":{"line":18,"column":4},"end":{"line":18,"column":5}},"loc":{"start":{"line":18,"column":18},"end":{"line":21,"column":5}},"line":18},"3":{"name":"(anonymous_3)","decl":{"start":{"line":28,"column":4},"end":{"line":28,"column":5}},"loc":{"start":{"line":28,"column":18},"end":{"line":31,"column":5}},"line":28},"4":{"name":"(anonymous_4)","decl":{"start":{"line":38,"column":4},"end":{"line":38,"column":5}},"loc":{"start":{"line":38,"column":18},"end":{"line":41,"column":5}},"line":38}},"branchMap":{},"s":{"0":88,"1":22,"2":22,"3":7,"4":7,"5":22,"6":22,"7":7,"8":7,"9":22,"10":22,"11":7,"12":7,"13":22,"14":22,"15":7,"16":7,"17":7,"18":7,"19":7,"20":7},"f":{"0":88,"1":22,"2":22,"3":22,"4":22},"b":{},"_coverageSchema":"1a1c01bbd47fc00a2c39e90264f33305004495a9","hash":"902f3cd26d17467401cc1018860e510c2b37818d"}
,"/Users/baptiste/Documents/Dev/Epsi/TDD/MachineACafeG3/src/machine.js": {"path":"/Users/baptiste/Documents/Dev/Epsi/TDD/MachineACafeG3/src/machine.js","statementMap":{"0":{"start":{"line":1,"column":55},"end":{"line":1,"column":74}},"1":{"start":{"line":12,"column":4},"end":{"line":12,"column":35}},"2":{"start":{"line":13,"column":4},"end":{"line":13,"column":31}},"3":{"start":{"line":14,"column":4},"end":{"line":14,"column":35}},"4":{"start":{"line":15,"column":4},"end":{"line":15,"column":39}},"5":{"start":{"line":16,"column":4},"end":{"line":16,"column":22}},"6":{"start":{"line":17,"column":4},"end":{"line":17,"column":23}},"7":{"start":{"line":18,"column":4},"end":{"line":18,"column":35}},"8":{"start":{"line":23,"column":4},"end":{"line":25,"column":5}},"9":{"start":{"line":23,"column":17},"end":{"line":23,"column":18}},"10":{"start":{"line":24,"column":6},"end":{"line":24,"column":35}},"11":{"start":{"line":30,"column":4},"end":{"line":32,"column":5}},"12":{"start":{"line":31,"column":6},"end":{"line":31,"column":19}},"13":{"start":{"line":34,"column":4},"end":{"line":36,"column":5}},"14":{"start":{"line":35,"column":6},"end":{"line":35,"column":19}},"15":{"start":{"line":38,"column":4},"end":{"line":40,"column":5}},"16":{"start":{"line":39,"column":6},"end":{"line":39,"column":19}},"17":{"start":{"line":42,"column":4},"end":{"line":44,"column":5}},"18":{"start":{"line":43,"column":6},"end":{"line":43,"column":19}},"19":{"start":{"line":47,"column":4},"end":{"line":51,"column":5}},"20":{"start":{"line":48,"column":6},"end":{"line":50,"column":7}},"21":{"start":{"line":49,"column":8},"end":{"line":49,"column":32}},"22":{"start":{"line":54,"column":4},"end":{"line":56,"column":5}},"23":{"start":{"line":55,"column":6},"end":{"line":55,"column":28}},"24":{"start":{"line":58,"column":4},"end":{"line":176,"column":5}},"25":{"start":{"line":61,"column":8},"end":{"line":86,"column":9}},"26":{"start":{"line":64,"column":10},"end":{"line":71,"column":11}},"27":{"start":{"line":66,"column":12},"end":{"line":69,"column":13}},"28":{"start":{"line":67,"column":14},"end":{"line":67,"column":55}},"29":{"start":{"line":68,"column":14},"end":{"line":68,"column":23}},"30":{"start":{"line":70,"column":12},"end":{"line":70,"column":25}},"31":{"start":{"line":73,"column":10},"end":{"line":83,"column":11}},"32":{"start":{"line":77,"column":12},"end":{"line":77,"column":32}},"33":{"start":{"line":78,"column":12},"end":{"line":78,"column":53}},"34":{"start":{"line":79,"column":12},"end":{"line":81,"column":13}},"35":{"start":{"line":80,"column":14},"end":{"line":80,"column":23}},"36":{"start":{"line":82,"column":12},"end":{"line":82,"column":47}},"37":{"start":{"line":85,"column":10},"end":{"line":85,"column":23}},"38":{"start":{"line":87,"column":8},"end":{"line":87,"column":21}},"39":{"start":{"line":91,"column":8},"end":{"line":116,"column":9}},"40":{"start":{"line":94,"column":10},"end":{"line":101,"column":11}},"41":{"start":{"line":96,"column":12},"end":{"line":99,"column":13}},"42":{"start":{"line":97,"column":14},"end":{"line":97,"column":51}},"43":{"start":{"line":98,"column":14},"end":{"line":98,"column":23}},"44":{"start":{"line":100,"column":12},"end":{"line":100,"column":25}},"45":{"start":{"line":103,"column":10},"end":{"line":113,"column":11}},"46":{"start":{"line":107,"column":12},"end":{"line":107,"column":32}},"47":{"start":{"line":108,"column":12},"end":{"line":108,"column":49}},"48":{"start":{"line":109,"column":12},"end":{"line":111,"column":13}},"49":{"start":{"line":110,"column":14},"end":{"line":110,"column":23}},"50":{"start":{"line":112,"column":12},"end":{"line":112,"column":44}},"51":{"start":{"line":115,"column":10},"end":{"line":115,"column":23}},"52":{"start":{"line":117,"column":8},"end":{"line":117,"column":21}},"53":{"start":{"line":121,"column":8},"end":{"line":143,"column":9}},"54":{"start":{"line":124,"column":10},"end":{"line":131,"column":11}},"55":{"start":{"line":126,"column":12},"end":{"line":129,"column":13}},"56":{"start":{"line":127,"column":14},"end":{"line":127,"column":46}},"57":{"start":{"line":128,"column":14},"end":{"line":128,"column":23}},"58":{"start":{"line":130,"column":12},"end":{"line":130,"column":25}},"59":{"start":{"line":133,"column":10},"end":{"line":140,"column":11}},"60":{"start":{"line":134,"column":12},"end":{"line":134,"column":32}},"61":{"start":{"line":135,"column":12},"end":{"line":135,"column":44}},"62":{"start":{"line":136,"column":12},"end":{"line":138,"column":13}},"63":{"start":{"line":137,"column":14},"end":{"line":137,"column":23}},"64":{"start":{"line":139,"column":12},"end":{"line":139,"column":39}},"65":{"start":{"line":142,"column":10},"end":{"line":142,"column":23}},"66":{"start":{"line":145,"column":8},"end":{"line":145,"column":21}},"67":{"start":{"line":149,"column":8},"end":{"line":171,"column":9}},"68":{"start":{"line":152,"column":10},"end":{"line":159,"column":11}},"69":{"start":{"line":154,"column":12},"end":{"line":157,"column":13}},"70":{"start":{"line":155,"column":14},"end":{"line":155,"column":49}},"71":{"start":{"line":156,"column":14},"end":{"line":156,"column":23}},"72":{"start":{"line":158,"column":12},"end":{"line":158,"column":25}},"73":{"start":{"line":161,"column":10},"end":{"line":168,"column":11}},"74":{"start":{"line":162,"column":12},"end":{"line":162,"column":32}},"75":{"start":{"line":163,"column":12},"end":{"line":163,"column":47}},"76":{"start":{"line":164,"column":12},"end":{"line":166,"column":13}},"77":{"start":{"line":165,"column":14},"end":{"line":165,"column":23}},"78":{"start":{"line":167,"column":12},"end":{"line":167,"column":42}},"79":{"start":{"line":170,"column":10},"end":{"line":170,"column":23}},"80":{"start":{"line":172,"column":8},"end":{"line":172,"column":21}},"81":{"start":{"line":175,"column":8},"end":{"line":175,"column":21}},"82":{"start":{"line":181,"column":4},"end":{"line":181,"column":48}},"83":{"start":{"line":186,"column":26},"end":{"line":188,"column":5}},"84":{"start":{"line":187,"column":18},"end":{"line":187,"column":49}},"85":{"start":{"line":190,"column":4},"end":{"line":190,"column":26}},"86":{"start":{"line":192,"column":4},"end":{"line":194,"column":31}},"87":{"start":{"line":193,"column":26},"end":{"line":193,"column":57}},"88":{"start":{"line":198,"column":4},"end":{"line":198,"column":34}},"89":{"start":{"line":199,"column":4},"end":{"line":199,"column":26}},"90":{"start":{"line":200,"column":4},"end":{"line":200,"column":24}},"91":{"start":{"line":201,"column":4},"end":{"line":201,"column":30}},"92":{"start":{"line":206,"column":4},"end":{"line":207,"column":14}},"93":{"start":{"line":206,"column":43},"end":{"line":206,"column":74}},"94":{"start":{"line":211,"column":4},"end":{"line":211,"column":28}},"95":{"start":{"line":215,"column":4},"end":{"line":215,"column":28}},"96":{"start":{"line":219,"column":4},"end":{"line":219,"column":30}},"97":{"start":{"line":223,"column":4},"end":{"line":223,"column":23}},"98":{"start":{"line":227,"column":4},"end":{"line":227,"column":22}},"99":{"start":{"line":231,"column":0},"end":{"line":231,"column":26}}},"fnMap":{"0":{"name":"(anonymous_0)","decl":{"start":{"line":4,"column":2},"end":{"line":4,"column":3}},"loc":{"start":{"line":11,"column":4},"end":{"line":19,"column":3}},"line":11},"1":{"name":"(anonymous_1)","decl":{"start":{"line":22,"column":2},"end":{"line":22,"column":3}},"loc":{"start":{"line":22,"column":38},"end":{"line":26,"column":3}},"line":22},"2":{"name":"(anonymous_2)","decl":{"start":{"line":28,"column":2},"end":{"line":28,"column":3}},"loc":{"start":{"line":28,"column":67},"end":{"line":177,"column":3}},"line":28},"3":{"name":"(anonymous_3)","decl":{"start":{"line":180,"column":2},"end":{"line":180,"column":3}},"loc":{"start":{"line":180,"column":32},"end":{"line":182,"column":3}},"line":180},"4":{"name":"(anonymous_4)","decl":{"start":{"line":185,"column":2},"end":{"line":185,"column":3}},"loc":{"start":{"line":185,"column":27},"end":{"line":195,"column":3}},"line":185},"5":{"name":"(anonymous_5)","decl":{"start":{"line":187,"column":6},"end":{"line":187,"column":7}},"loc":{"start":{"line":187,"column":18},"end":{"line":187,"column":49}},"line":187},"6":{"name":"(anonymous_6)","decl":{"start":{"line":193,"column":14},"end":{"line":193,"column":15}},"loc":{"start":{"line":193,"column":26},"end":{"line":193,"column":57}},"line":193},"7":{"name":"(anonymous_7)","decl":{"start":{"line":197,"column":2},"end":{"line":197,"column":3}},"loc":{"start":{"line":197,"column":32},"end":{"line":202,"column":3}},"line":197},"8":{"name":"(anonymous_8)","decl":{"start":{"line":205,"column":2},"end":{"line":205,"column":3}},"loc":{"start":{"line":205,"column":30},"end":{"line":208,"column":3}},"line":205},"9":{"name":"(anonymous_9)","decl":{"start":{"line":206,"column":31},"end":{"line":206,"column":32}},"loc":{"start":{"line":206,"column":43},"end":{"line":206,"column":74}},"line":206},"10":{"name":"(anonymous_10)","decl":{"start":{"line":210,"column":2},"end":{"line":210,"column":3}},"loc":{"start":{"line":210,"column":19},"end":{"line":212,"column":3}},"line":210},"11":{"name":"(anonymous_11)","decl":{"start":{"line":214,"column":2},"end":{"line":214,"column":3}},"loc":{"start":{"line":214,"column":19},"end":{"line":216,"column":3}},"line":214},"12":{"name":"(anonymous_12)","decl":{"start":{"line":218,"column":2},"end":{"line":218,"column":3}},"loc":{"start":{"line":218,"column":21},"end":{"line":220,"column":3}},"line":218},"13":{"name":"(anonymous_13)","decl":{"start":{"line":222,"column":2},"end":{"line":222,"column":3}},"loc":{"start":{"line":222,"column":14},"end":{"line":224,"column":3}},"line":222},"14":{"name":"(anonymous_14)","decl":{"start":{"line":226,"column":2},"end":{"line":226,"column":3}},"loc":{"start":{"line":226,"column":13},"end":{"line":228,"column":3}},"line":226}},"branchMap":{"0":{"loc":{"start":{"line":28,"column":6},"end":{"line":28,"column":18}},"type":"default-arg","locations":[{"start":{"line":28,"column":17},"end":{"line":28,"column":18}}],"line":28},"1":{"loc":{"start":{"line":28,"column":20},"end":{"line":28,"column":29}},"type":"default-arg","locations":[{"start":{"line":28,"column":28},"end":{"line":28,"column":29}}],"line":28},"2":{"loc":{"start":{"line":28,"column":31},"end":{"line":28,"column":43}},"type":"default-arg","locations":[{"start":{"line":28,"column":38},"end":{"line":28,"column":43}}],"line":28},"3":{"loc":{"start":{"line":28,"column":45},"end":{"line":28,"column":54}},"type":"default-arg","locations":[{"start":{"line":28,"column":53},"end":{"line":28,"column":54}}],"line":28},"4":{"loc":{"start":{"line":28,"column":56},"end":{"line":28,"column":65}},"type":"default-arg","locations":[{"start":{"line":28,"column":64},"end":{"line":28,"column":65}}],"line":28},"5":{"loc":{"start":{"line":30,"column":4},"end":{"line":32,"column":5}},"type":"if","locations":[{"start":{"line":30,"column":4},"end":{"line":32,"column":5}},{"start":{},"end":{}}],"line":30},"6":{"loc":{"start":{"line":34,"column":4},"end":{"line":36,"column":5}},"type":"if","locations":[{"start":{"line":34,"column":4},"end":{"line":36,"column":5}},{"start":{},"end":{}}],"line":34},"7":{"loc":{"start":{"line":38,"column":4},"end":{"line":40,"column":5}},"type":"if","locations":[{"start":{"line":38,"column":4},"end":{"line":40,"column":5}},{"start":{},"end":{}}],"line":38},"8":{"loc":{"start":{"line":42,"column":4},"end":{"line":44,"column":5}},"type":"if","locations":[{"start":{"line":42,"column":4},"end":{"line":44,"column":5}},{"start":{},"end":{}}],"line":42},"9":{"loc":{"start":{"line":47,"column":4},"end":{"line":51,"column":5}},"type":"if","locations":[{"start":{"line":47,"column":4},"end":{"line":51,"column":5}},{"start":{},"end":{}}],"line":47},"10":{"loc":{"start":{"line":48,"column":6},"end":{"line":50,"column":7}},"type":"if","locations":[{"start":{"line":48,"column":6},"end":{"line":50,"column":7}},{"start":{},"end":{}}],"line":48},"11":{"loc":{"start":{"line":54,"column":4},"end":{"line":56,"column":5}},"type":"if","locations":[{"start":{"line":54,"column":4},"end":{"line":56,"column":5}},{"start":{},"end":{}}],"line":54},"12":{"loc":{"start":{"line":58,"column":4},"end":{"line":176,"column":5}},"type":"switch","locations":[{"start":{"line":59,"column":6},"end":{"line":87,"column":21}},{"start":{"line":89,"column":6},"end":{"line":117,"column":21}},{"start":{"line":119,"column":6},"end":{"line":145,"column":21}},{"start":{"line":147,"column":6},"end":{"line":172,"column":21}},{"start":{"line":174,"column":6},"end":{"line":175,"column":21}}],"line":58},"13":{"loc":{"start":{"line":61,"column":8},"end":{"line":86,"column":9}},"type":"if","locations":[{"start":{"line":61,"column":8},"end":{"line":86,"column":9}},{"start":{},"end":{}}],"line":61},"14":{"loc":{"start":{"line":64,"column":10},"end":{"line":71,"column":11}},"type":"if","locations":[{"start":{"line":64,"column":10},"end":{"line":71,"column":11}},{"start":{},"end":{}}],"line":64},"15":{"loc":{"start":{"line":66,"column":12},"end":{"line":69,"column":13}},"type":"if","locations":[{"start":{"line":66,"column":12},"end":{"line":69,"column":13}},{"start":{},"end":{}}],"line":66},"16":{"loc":{"start":{"line":73,"column":10},"end":{"line":83,"column":11}},"type":"if","locations":[{"start":{"line":73,"column":10},"end":{"line":83,"column":11}},{"start":{},"end":{}}],"line":73},"17":{"loc":{"start":{"line":74,"column":12},"end":{"line":75,"column":53}},"type":"binary-expr","locations":[{"start":{"line":74,"column":12},"end":{"line":74,"column":40}},{"start":{"line":75,"column":12},"end":{"line":75,"column":53}}],"line":74},"18":{"loc":{"start":{"line":79,"column":12},"end":{"line":81,"column":13}},"type":"if","locations":[{"start":{"line":79,"column":12},"end":{"line":81,"column":13}},{"start":{},"end":{}}],"line":79},"19":{"loc":{"start":{"line":91,"column":8},"end":{"line":116,"column":9}},"type":"if","locations":[{"start":{"line":91,"column":8},"end":{"line":116,"column":9}},{"start":{},"end":{}}],"line":91},"20":{"loc":{"start":{"line":94,"column":10},"end":{"line":101,"column":11}},"type":"if","locations":[{"start":{"line":94,"column":10},"end":{"line":101,"column":11}},{"start":{},"end":{}}],"line":94},"21":{"loc":{"start":{"line":96,"column":12},"end":{"line":99,"column":13}},"type":"if","locations":[{"start":{"line":96,"column":12},"end":{"line":99,"column":13}},{"start":{},"end":{}}],"line":96},"22":{"loc":{"start":{"line":103,"column":10},"end":{"line":113,"column":11}},"type":"if","locations":[{"start":{"line":103,"column":10},"end":{"line":113,"column":11}},{"start":{},"end":{}}],"line":103},"23":{"loc":{"start":{"line":104,"column":12},"end":{"line":105,"column":50}},"type":"binary-expr","locations":[{"start":{"line":104,"column":12},"end":{"line":104,"column":37}},{"start":{"line":105,"column":12},"end":{"line":105,"column":50}}],"line":104},"24":{"loc":{"start":{"line":109,"column":12},"end":{"line":111,"column":13}},"type":"if","locations":[{"start":{"line":109,"column":12},"end":{"line":111,"column":13}},{"start":{},"end":{}}],"line":109},"25":{"loc":{"start":{"line":121,"column":8},"end":{"line":143,"column":9}},"type":"if","locations":[{"start":{"line":121,"column":8},"end":{"line":143,"column":9}},{"start":{},"end":{}}],"line":121},"26":{"loc":{"start":{"line":124,"column":10},"end":{"line":131,"column":11}},"type":"if","locations":[{"start":{"line":124,"column":10},"end":{"line":131,"column":11}},{"start":{},"end":{}}],"line":124},"27":{"loc":{"start":{"line":126,"column":12},"end":{"line":129,"column":13}},"type":"if","locations":[{"start":{"line":126,"column":12},"end":{"line":129,"column":13}},{"start":{},"end":{}}],"line":126},"28":{"loc":{"start":{"line":133,"column":10},"end":{"line":140,"column":11}},"type":"if","locations":[{"start":{"line":133,"column":10},"end":{"line":140,"column":11}},{"start":{},"end":{}}],"line":133},"29":{"loc":{"start":{"line":133,"column":14},"end":{"line":133,"column":71}},"type":"binary-expr","locations":[{"start":{"line":133,"column":14},"end":{"line":133,"column":34}},{"start":{"line":133,"column":38},"end":{"line":133,"column":71}}],"line":133},"30":{"loc":{"start":{"line":136,"column":12},"end":{"line":138,"column":13}},"type":"if","locations":[{"start":{"line":136,"column":12},"end":{"line":138,"column":13}},{"start":{},"end":{}}],"line":136},"31":{"loc":{"start":{"line":149,"column":8},"end":{"line":171,"column":9}},"type":"if","locations":[{"start":{"line":149,"column":8},"end":{"line":171,"column":9}},{"start":{},"end":{}}],"line":149},"32":{"loc":{"start":{"line":152,"column":10},"end":{"line":159,"column":11}},"type":"if","locations":[{"start":{"line":152,"column":10},"end":{"line":159,"column":11}},{"start":{},"end":{}}],"line":152},"33":{"loc":{"start":{"line":154,"column":12},"end":{"line":157,"column":13}},"type":"if","locations":[{"start":{"line":154,"column":12},"end":{"line":157,"column":13}},{"start":{},"end":{}}],"line":154},"34":{"loc":{"start":{"line":161,"column":10},"end":{"line":168,"column":11}},"type":"if","locations":[{"start":{"line":161,"column":10},"end":{"line":168,"column":11}},{"start":{},"end":{}}],"line":161},"35":{"loc":{"start":{"line":161,"column":14},"end":{"line":161,"column":77}},"type":"binary-expr","locations":[{"start":{"line":161,"column":14},"end":{"line":161,"column":37}},{"start":{"line":161,"column":41},"end":{"line":161,"column":77}}],"line":161},"36":{"loc":{"start":{"line":164,"column":12},"end":{"line":166,"column":13}},"type":"if","locations":[{"start":{"line":164,"column":12},"end":{"line":166,"column":13}},{"start":{},"end":{}}],"line":164}},"s":{"0":7,"1":23,"2":23,"3":23,"4":23,"5":23,"6":23,"7":23,"8":88,"9":88,"10":880,"11":23,"12":1,"13":22,"14":1,"15":21,"16":2,"17":19,"18":4,"19":15,"20":3,"21":2,"22":15,"23":1,"24":15,"25":11,"26":11,"27":2,"28":1,"29":1,"30":1,"31":9,"32":7,"33":7,"34":7,"35":6,"36":1,"37":2,"38":0,"39":1,"40":1,"41":0,"42":0,"43":0,"44":0,"45":1,"46":1,"47":1,"48":1,"49":1,"50":0,"51":0,"52":0,"53":1,"54":1,"55":0,"56":0,"57":0,"58":0,"59":1,"60":1,"61":1,"62":1,"63":1,"64":0,"65":0,"66":0,"67":1,"68":1,"69":0,"70":0,"71":0,"72":0,"73":1,"74":1,"75":1,"76":1,"77":1,"78":0,"79":0,"80":0,"81":1,"82":14,"83":11,"84":440,"85":11,"86":11,"87":440,"88":11,"89":11,"90":11,"91":11,"92":46,"93":1829,"94":2,"95":10,"96":2,"97":0,"98":0,"99":7},"f":{"0":23,"1":88,"2":23,"3":14,"4":11,"5":440,"6":440,"7":11,"8":46,"9":1829,"10":2,"11":10,"12":2,"13":0,"14":0},"b":{"0":[0],"1":[0],"2":[17],"3":[18],"4":[22],"5":[1,22],"6":[1,21],"7":[2,19],"8":[4,15],"9":[3,12],"10":[2,1],"11":[1,14],"12":[11,1,1,1,1],"13":[11,0],"14":[2,9],"15":[1,1],"16":[7,2],"17":[9,8],"18":[6,1],"19":[1,0],"20":[0,1],"21":[0,0],"22":[1,0],"23":[1,1],"24":[1,0],"25":[1,0],"26":[0,1],"27":[0,0],"28":[1,0],"29":[1,1],"30":[1,0],"31":[1,0],"32":[0,1],"33":[0,0],"34":[1,0],"35":[1,1],"36":[1,0]},"_coverageSchema":"1a1c01bbd47fc00a2c39e90264f33305004495a9","hash":"5993ff68c37703bf69f2d11c25f6e99b55e2989f"}
,"/Users/baptiste/Documents/Dev/Epsi/TDD/MachineACafeG3/src/machineBuilder.js": {"path":"/Users/baptiste/Documents/Dev/Epsi/TDD/MachineACafeG3/src/machineBuilder.js","statementMap":{"0":{"start":{"line":1,"column":31},"end":{"line":1,"column":65}},"1":{"start":{"line":2,"column":55},"end":{"line":2,"column":77}},"2":{"start":{"line":3,"column":20},"end":{"line":3,"column":43}},"3":{"start":{"line":17,"column":4},"end":{"line":24,"column":6}},"4":{"start":{"line":31,"column":20},"end":{"line":31,"column":48}},"5":{"start":{"line":32,"column":4},"end":{"line":32,"column":48}},"6":{"start":{"line":33,"column":4},"end":{"line":33,"column":45}},"7":{"start":{"line":34,"column":4},"end":{"line":34,"column":40}},"8":{"start":{"line":35,"column":4},"end":{"line":35,"column":43}},"9":{"start":{"line":36,"column":4},"end":{"line":36,"column":19}},"10":{"start":{"line":49,"column":20},"end":{"line":55,"column":5}},"11":{"start":{"line":56,"column":4},"end":{"line":56,"column":48}},"12":{"start":{"line":57,"column":4},"end":{"line":57,"column":45}},"13":{"start":{"line":58,"column":4},"end":{"line":58,"column":40}},"14":{"start":{"line":59,"column":4},"end":{"line":59,"column":43}},"15":{"start":{"line":60,"column":4},"end":{"line":60,"column":19}},"16":{"start":{"line":67,"column":20},"end":{"line":67,"column":48}},"17":{"start":{"line":68,"column":4},"end":{"line":68,"column":45}},"18":{"start":{"line":69,"column":4},"end":{"line":69,"column":40}},"19":{"start":{"line":70,"column":4},"end":{"line":70,"column":43}},"20":{"start":{"line":71,"column":4},"end":{"line":71,"column":19}},"21":{"start":{"line":78,"column":20},"end":{"line":78,"column":48}},"22":{"start":{"line":79,"column":4},"end":{"line":79,"column":48}},"23":{"start":{"line":80,"column":4},"end":{"line":80,"column":40}},"24":{"start":{"line":81,"column":4},"end":{"line":81,"column":43}},"25":{"start":{"line":82,"column":4},"end":{"line":82,"column":19}},"26":{"start":{"line":89,"column":20},"end":{"line":89,"column":48}},"27":{"start":{"line":90,"column":4},"end":{"line":90,"column":48}},"28":{"start":{"line":91,"column":4},"end":{"line":91,"column":45}},"29":{"start":{"line":92,"column":4},"end":{"line":92,"column":43}},"30":{"start":{"line":93,"column":4},"end":{"line":93,"column":19}},"31":{"start":{"line":100,"column":20},"end":{"line":100,"column":48}},"32":{"start":{"line":101,"column":4},"end":{"line":101,"column":48}},"33":{"start":{"line":102,"column":4},"end":{"line":102,"column":45}},"34":{"start":{"line":103,"column":4},"end":{"line":103,"column":40}},"35":{"start":{"line":104,"column":4},"end":{"line":104,"column":19}},"36":{"start":{"line":111,"column":20},"end":{"line":111,"column":71}},"37":{"start":{"line":112,"column":4},"end":{"line":112,"column":48}},"38":{"start":{"line":113,"column":4},"end":{"line":113,"column":45}},"39":{"start":{"line":114,"column":4},"end":{"line":114,"column":43}},"40":{"start":{"line":115,"column":4},"end":{"line":115,"column":40}},"41":{"start":{"line":116,"column":4},"end":{"line":116,"column":19}},"42":{"start":{"line":123,"column":20},"end":{"line":128,"column":5}},"43":{"start":{"line":129,"column":4},"end":{"line":129,"column":48}},"44":{"start":{"line":130,"column":4},"end":{"line":130,"column":45}},"45":{"start":{"line":131,"column":4},"end":{"line":131,"column":43}},"46":{"start":{"line":132,"column":4},"end":{"line":132,"column":40}},"47":{"start":{"line":133,"column":4},"end":{"line":133,"column":19}},"48":{"start":{"line":141,"column":20},"end":{"line":148,"column":5}},"49":{"start":{"line":149,"column":4},"end":{"line":149,"column":48}},"50":{"start":{"line":150,"column":4},"end":{"line":150,"column":45}},"51":{"start":{"line":151,"column":4},"end":{"line":151,"column":43}},"52":{"start":{"line":152,"column":4},"end":{"line":152,"column":40}},"53":{"start":{"line":153,"column":4},"end":{"line":153,"column":19}},"54":{"start":{"line":157,"column":0},"end":{"line":157,"column":40}}},"fnMap":{"0":{"name":"(anonymous_0)","decl":{"start":{"line":9,"column":2},"end":{"line":9,"column":3}},"loc":{"start":{"line":16,"column":4},"end":{"line":25,"column":3}},"line":16},"1":{"name":"(anonymous_1)","decl":{"start":{"line":30,"column":2},"end":{"line":30,"column":3}},"loc":{"start":{"line":30,"column":32},"end":{"line":37,"column":3}},"line":30},"2":{"name":"(anonymous_2)","decl":{"start":{"line":42,"column":2},"end":{"line":42,"column":3}},"loc":{"start":{"line":48,"column":4},"end":{"line":61,"column":3}},"line":48},"3":{"name":"(anonymous_3)","decl":{"start":{"line":66,"column":2},"end":{"line":66,"column":3}},"loc":{"start":{"line":66,"column":43},"end":{"line":72,"column":3}},"line":66},"4":{"name":"(anonymous_4)","decl":{"start":{"line":77,"column":2},"end":{"line":77,"column":3}},"loc":{"start":{"line":77,"column":40},"end":{"line":83,"column":3}},"line":77},"5":{"name":"(anonymous_5)","decl":{"start":{"line":88,"column":2},"end":{"line":88,"column":3}},"loc":{"start":{"line":88,"column":35},"end":{"line":94,"column":3}},"line":88},"6":{"name":"(anonymous_6)","decl":{"start":{"line":99,"column":2},"end":{"line":99,"column":3}},"loc":{"start":{"line":99,"column":38},"end":{"line":105,"column":3}},"line":99},"7":{"name":"(anonymous_7)","decl":{"start":{"line":110,"column":2},"end":{"line":110,"column":3}},"loc":{"start":{"line":110,"column":35},"end":{"line":117,"column":3}},"line":110},"8":{"name":"(anonymous_8)","decl":{"start":{"line":122,"column":2},"end":{"line":122,"column":3}},"loc":{"start":{"line":122,"column":37},"end":{"line":134,"column":3}},"line":122},"9":{"name":"(anonymous_9)","decl":{"start":{"line":140,"column":2},"end":{"line":140,"column":3}},"loc":{"start":{"line":140,"column":41},"end":{"line":154,"column":3}},"line":140}},"branchMap":{"0":{"loc":{"start":{"line":10,"column":4},"end":{"line":10,"column":18}},"type":"default-arg","locations":[{"start":{"line":10,"column":16},"end":{"line":10,"column":18}}],"line":10},"1":{"loc":{"start":{"line":11,"column":4},"end":{"line":11,"column":20}},"type":"default-arg","locations":[{"start":{"line":11,"column":18},"end":{"line":11,"column":20}}],"line":11},"2":{"loc":{"start":{"line":12,"column":4},"end":{"line":12,"column":20}},"type":"default-arg","locations":[{"start":{"line":12,"column":18},"end":{"line":12,"column":20}}],"line":12},"3":{"loc":{"start":{"line":13,"column":4},"end":{"line":13,"column":22}},"type":"default-arg","locations":[{"start":{"line":13,"column":20},"end":{"line":13,"column":22}}],"line":13},"4":{"loc":{"start":{"line":14,"column":4},"end":{"line":14,"column":13}},"type":"default-arg","locations":[{"start":{"line":14,"column":12},"end":{"line":14,"column":13}}],"line":14},"5":{"loc":{"start":{"line":15,"column":4},"end":{"line":15,"column":63}},"type":"default-arg","locations":[{"start":{"line":15,"column":18},"end":{"line":15,"column":63}}],"line":15},"6":{"loc":{"start":{"line":43,"column":4},"end":{"line":43,"column":18}},"type":"default-arg","locations":[{"start":{"line":43,"column":16},"end":{"line":43,"column":18}}],"line":43},"7":{"loc":{"start":{"line":44,"column":4},"end":{"line":44,"column":20}},"type":"default-arg","locations":[{"start":{"line":44,"column":18},"end":{"line":44,"column":20}}],"line":44},"8":{"loc":{"start":{"line":45,"column":4},"end":{"line":45,"column":20}},"type":"default-arg","locations":[{"start":{"line":45,"column":18},"end":{"line":45,"column":20}}],"line":45},"9":{"loc":{"start":{"line":46,"column":4},"end":{"line":46,"column":22}},"type":"default-arg","locations":[{"start":{"line":46,"column":20},"end":{"line":46,"column":22}}],"line":46},"10":{"loc":{"start":{"line":47,"column":4},"end":{"line":47,"column":13}},"type":"default-arg","locations":[{"start":{"line":47,"column":12},"end":{"line":47,"column":13}}],"line":47}},"s":{"0":7,"1":7,"2":7,"3":23,"4":13,"5":13,"6":13,"7":13,"8":13,"9":13,"10":3,"11":3,"12":3,"13":3,"14":3,"15":3,"16":1,"17":1,"18":1,"19":1,"20":1,"21":1,"22":1,"23":1,"24":1,"25":1,"26":1,"27":1,"28":1,"29":1,"30":1,"31":1,"32":1,"33":1,"34":1,"35":1,"36":1,"37":1,"38":1,"39":1,"40":1,"41":1,"42":1,"43":1,"44":1,"45":1,"46":1,"47":1,"48":1,"49":1,"50":1,"51":1,"52":1,"53":1,"54":7},"f":{"0":23,"1":13,"2":3,"3":1,"4":1,"5":1,"6":1,"7":1,"8":1,"9":1},"b":{"0":[20],"1":[20],"2":[19],"3":[19],"4":[20],"5":[22],"6":[1],"7":[2],"8":[3],"9":[3],"10":[2]},"_coverageSchema":"1a1c01bbd47fc00a2c39e90264f33305004495a9","hash":"29db061e6aefec919bb7377a0424d3c2d58b0606"}
}
