{"/Users/aimericsorin/Documents/EPSI/I1/analyse_besoin/MachineACafeG3/src/cardPayment.js": {"path":"/Users/aimericsorin/Documents/EPSI/I1/analyse_besoin/MachineACafeG3/src/cardPayment.js","statementMap":{"0":{"start":{"line":3,"column":8},"end":{"line":3,"column":41}},"1":{"start":{"line":6,"column":8},"end":{"line":9,"column":9}},"2":{"start":{"line":7,"column":12},"end":{"line":7,"column":40}},"3":{"start":{"line":8,"column":12},"end":{"line":8,"column":24}},"4":{"start":{"line":10,"column":8},"end":{"line":10,"column":21}},"5":{"start":{"line":14,"column":8},"end":{"line":14,"column":33}},"6":{"start":{"line":18,"column":0},"end":{"line":18,"column":34}}},"fnMap":{"0":{"name":"(anonymous_0)","decl":{"start":{"line":2,"column":4},"end":{"line":2,"column":5}},"loc":{"start":{"line":2,"column":30},"end":{"line":4,"column":5}},"line":2},"1":{"name":"(anonymous_1)","decl":{"start":{"line":5,"column":4},"end":{"line":5,"column":5}},"loc":{"start":{"line":5,"column":16},"end":{"line":11,"column":5}},"line":5},"2":{"name":"(anonymous_2)","decl":{"start":{"line":13,"column":4},"end":{"line":13,"column":5}},"loc":{"start":{"line":13,"column":22},"end":{"line":15,"column":5}},"line":13}},"branchMap":{"0":{"loc":{"start":{"line":6,"column":8},"end":{"line":9,"column":9}},"type":"if","locations":[{"start":{"line":6,"column":8},"end":{"line":9,"column":9}},{"start":{},"end":{}}],"line":6}},"s":{"0":19,"1":2,"2":1,"3":1,"4":1,"5":4,"6":6},"f":{"0":19,"1":2,"2":4},"b":{"0":[1,1]},"_coverageSchema":"1a1c01bbd47fc00a2c39e90264f33305004495a9","hash":"2bc2ad6a21fd9c23b41c3d0d8a611337d5beb8f1"}
,"/Users/aimericsorin/Documents/EPSI/I1/analyse_besoin/MachineACafeG3/src/cardPaymentBuilder.js": {"path":"/Users/aimericsorin/Documents/EPSI/I1/analyse_besoin/MachineACafeG3/src/cardPaymentBuilder.js","statementMap":{"0":{"start":{"line":1,"column":24},"end":{"line":1,"column":51}},"1":{"start":{"line":9,"column":8},"end":{"line":9,"column":45}},"2":{"start":{"line":15,"column":28},"end":{"line":15,"column":60}},"3":{"start":{"line":16,"column":8},"end":{"line":16,"column":27}},"4":{"start":{"line":22,"column":28},"end":{"line":22,"column":72}},"5":{"start":{"line":23,"column":8},"end":{"line":23,"column":27}},"6":{"start":{"line":29,"column":28},"end":{"line":29,"column":61}},"7":{"start":{"line":30,"column":8},"end":{"line":30,"column":27}},"8":{"start":{"line":34,"column":0},"end":{"line":34,"column":48}}},"fnMap":{"0":{"name":"(anonymous_0)","decl":{"start":{"line":8,"column":4},"end":{"line":8,"column":5}},"loc":{"start":{"line":8,"column":29},"end":{"line":10,"column":5}},"line":8},"1":{"name":"(anonymous_1)","decl":{"start":{"line":14,"column":4},"end":{"line":14,"column":5}},"loc":{"start":{"line":14,"column":38},"end":{"line":17,"column":5}},"line":14},"2":{"name":"(anonymous_2)","decl":{"start":{"line":21,"column":4},"end":{"line":21,"column":5}},"loc":{"start":{"line":21,"column":54},"end":{"line":24,"column":5}},"line":21},"3":{"name":"(anonymous_3)","decl":{"start":{"line":28,"column":4},"end":{"line":28,"column":5}},"loc":{"start":{"line":28,"column":36},"end":{"line":31,"column":5}},"line":28}},"branchMap":{"0":{"loc":{"start":{"line":8,"column":10},"end":{"line":8,"column":27}},"type":"default-arg","locations":[{"start":{"line":8,"column":25},"end":{"line":8,"column":27}}],"line":8},"1":{"loc":{"start":{"line":21,"column":35},"end":{"line":21,"column":52}},"type":"default-arg","locations":[{"start":{"line":21,"column":50},"end":{"line":21,"column":52}}],"line":21}},"s":{"0":6,"1":19,"2":18,"3":18,"4":0,"5":0,"6":1,"7":1,"8":6},"f":{"0":19,"1":18,"2":0,"3":1},"b":{"0":[18],"1":[0]},"_coverageSchema":"1a1c01bbd47fc00a2c39e90264f33305004495a9","hash":"b859075bfc19860c0de36a8cc818d4a13a439e7b"}
,"/Users/aimericsorin/Documents/EPSI/I1/analyse_besoin/MachineACafeG3/src/coffee.js": {"path":"/Users/aimericsorin/Documents/EPSI/I1/analyse_besoin/MachineACafeG3/src/coffee.js","statementMap":{"0":{"start":{"line":3,"column":8},"end":{"line":3,"column":35}},"1":{"start":{"line":9,"column":8},"end":{"line":9,"column":16}},"2":{"start":{"line":10,"column":8},"end":{"line":10,"column":43}},"3":{"start":{"line":13,"column":16},"end":{"line":13,"column":17}},"4":{"start":{"line":14,"column":19},"end":{"line":14,"column":22}},"5":{"start":{"line":19,"column":8},"end":{"line":19,"column":16}},"6":{"start":{"line":20,"column":8},"end":{"line":20,"column":39}},"7":{"start":{"line":23,"column":16},"end":{"line":23,"column":17}},"8":{"start":{"line":24,"column":19},"end":{"line":24,"column":22}},"9":{"start":{"line":29,"column":8},"end":{"line":29,"column":16}},"10":{"start":{"line":30,"column":8},"end":{"line":30,"column":34}},"11":{"start":{"line":33,"column":16},"end":{"line":33,"column":17}},"12":{"start":{"line":34,"column":19},"end":{"line":34,"column":22}},"13":{"start":{"line":39,"column":8},"end":{"line":39,"column":16}},"14":{"start":{"line":40,"column":8},"end":{"line":40,"column":37}},"15":{"start":{"line":43,"column":16},"end":{"line":43,"column":17}},"16":{"start":{"line":44,"column":19},"end":{"line":44,"column":22}},"17":{"start":{"line":47,"column":0},"end":{"line":47,"column":32}},"18":{"start":{"line":48,"column":0},"end":{"line":48,"column":22}},"19":{"start":{"line":49,"column":0},"end":{"line":49,"column":28}},"20":{"start":{"line":50,"column":0},"end":{"line":50,"column":38}}},"fnMap":{"0":{"name":"(anonymous_0)","decl":{"start":{"line":2,"column":4},"end":{"line":2,"column":5}},"loc":{"start":{"line":2,"column":18},"end":{"line":4,"column":5}},"line":2},"1":{"name":"(anonymous_1)","decl":{"start":{"line":8,"column":4},"end":{"line":8,"column":5}},"loc":{"start":{"line":8,"column":18},"end":{"line":11,"column":5}},"line":8},"2":{"name":"(anonymous_2)","decl":{"start":{"line":18,"column":4},"end":{"line":18,"column":5}},"loc":{"start":{"line":18,"column":18},"end":{"line":21,"column":5}},"line":18},"3":{"name":"(anonymous_3)","decl":{"start":{"line":28,"column":4},"end":{"line":28,"column":5}},"loc":{"start":{"line":28,"column":18},"end":{"line":31,"column":5}},"line":28},"4":{"name":"(anonymous_4)","decl":{"start":{"line":38,"column":4},"end":{"line":38,"column":5}},"loc":{"start":{"line":38,"column":18},"end":{"line":41,"column":5}},"line":38}},"branchMap":{},"s":{"0":72,"1":18,"2":18,"3":6,"4":6,"5":18,"6":18,"7":6,"8":6,"9":18,"10":18,"11":6,"12":6,"13":18,"14":18,"15":6,"16":6,"17":6,"18":6,"19":6,"20":6},"f":{"0":72,"1":18,"2":18,"3":18,"4":18},"b":{},"_coverageSchema":"1a1c01bbd47fc00a2c39e90264f33305004495a9","hash":"adb5aa4b2ca9df0230fe365d0d1ef62fde1c1bc0"}
,"/Users/aimericsorin/Documents/EPSI/I1/analyse_besoin/MachineACafeG3/src/machine.js": {"path":"/Users/aimericsorin/Documents/EPSI/I1/analyse_besoin/MachineACafeG3/src/machine.js","statementMap":{"0":{"start":{"line":1,"column":55},"end":{"line":1,"column":74}},"1":{"start":{"line":12,"column":8},"end":{"line":12,"column":39}},"2":{"start":{"line":13,"column":8},"end":{"line":13,"column":35}},"3":{"start":{"line":14,"column":8},"end":{"line":14,"column":39}},"4":{"start":{"line":15,"column":8},"end":{"line":15,"column":43}},"5":{"start":{"line":16,"column":8},"end":{"line":16,"column":26}},"6":{"start":{"line":17,"column":8},"end":{"line":17,"column":27}},"7":{"start":{"line":18,"column":8},"end":{"line":18,"column":39}},"8":{"start":{"line":23,"column":8},"end":{"line":25,"column":9}},"9":{"start":{"line":23,"column":21},"end":{"line":23,"column":22}},"10":{"start":{"line":24,"column":12},"end":{"line":24,"column":41}},"11":{"start":{"line":30,"column":8},"end":{"line":32,"column":9}},"12":{"start":{"line":31,"column":12},"end":{"line":31,"column":25}},"13":{"start":{"line":34,"column":8},"end":{"line":36,"column":9}},"14":{"start":{"line":35,"column":12},"end":{"line":35,"column":25}},"15":{"start":{"line":38,"column":8},"end":{"line":40,"column":9}},"16":{"start":{"line":39,"column":12},"end":{"line":39,"column":25}},"17":{"start":{"line":42,"column":8},"end":{"line":44,"column":9}},"18":{"start":{"line":43,"column":12},"end":{"line":43,"column":25}},"19":{"start":{"line":47,"column":8},"end":{"line":51,"column":9}},"20":{"start":{"line":48,"column":12},"end":{"line":50,"column":13}},"21":{"start":{"line":49,"column":16},"end":{"line":49,"column":40}},"22":{"start":{"line":54,"column":8},"end":{"line":56,"column":9}},"23":{"start":{"line":55,"column":12},"end":{"line":55,"column":34}},"24":{"start":{"line":58,"column":8},"end":{"line":158,"column":9}},"25":{"start":{"line":61,"column":16},"end":{"line":80,"column":17}},"26":{"start":{"line":64,"column":20},"end":{"line":71,"column":21}},"27":{"start":{"line":66,"column":24},"end":{"line":69,"column":25}},"28":{"start":{"line":67,"column":28},"end":{"line":67,"column":69}},"29":{"start":{"line":68,"column":28},"end":{"line":68,"column":37}},"30":{"start":{"line":70,"column":24},"end":{"line":70,"column":37}},"31":{"start":{"line":73,"column":20},"end":{"line":77,"column":21}},"32":{"start":{"line":74,"column":24},"end":{"line":74,"column":44}},"33":{"start":{"line":75,"column":24},"end":{"line":75,"column":65}},"34":{"start":{"line":76,"column":24},"end":{"line":76,"column":33}},"35":{"start":{"line":79,"column":20},"end":{"line":79,"column":33}},"36":{"start":{"line":81,"column":16},"end":{"line":81,"column":29}},"37":{"start":{"line":85,"column":16},"end":{"line":104,"column":17}},"38":{"start":{"line":88,"column":20},"end":{"line":95,"column":21}},"39":{"start":{"line":90,"column":24},"end":{"line":93,"column":25}},"40":{"start":{"line":91,"column":28},"end":{"line":91,"column":65}},"41":{"start":{"line":92,"column":28},"end":{"line":92,"column":37}},"42":{"start":{"line":94,"column":24},"end":{"line":94,"column":37}},"43":{"start":{"line":97,"column":20},"end":{"line":101,"column":21}},"44":{"start":{"line":98,"column":24},"end":{"line":98,"column":44}},"45":{"start":{"line":99,"column":24},"end":{"line":99,"column":61}},"46":{"start":{"line":100,"column":24},"end":{"line":100,"column":33}},"47":{"start":{"line":103,"column":20},"end":{"line":103,"column":33}},"48":{"start":{"line":105,"column":16},"end":{"line":105,"column":29}},"49":{"start":{"line":109,"column":16},"end":{"line":128,"column":17}},"50":{"start":{"line":112,"column":20},"end":{"line":119,"column":21}},"51":{"start":{"line":114,"column":24},"end":{"line":117,"column":25}},"52":{"start":{"line":115,"column":28},"end":{"line":115,"column":60}},"53":{"start":{"line":116,"column":28},"end":{"line":116,"column":37}},"54":{"start":{"line":118,"column":24},"end":{"line":118,"column":37}},"55":{"start":{"line":121,"column":20},"end":{"line":125,"column":21}},"56":{"start":{"line":122,"column":24},"end":{"line":122,"column":44}},"57":{"start":{"line":123,"column":24},"end":{"line":123,"column":56}},"58":{"start":{"line":124,"column":24},"end":{"line":124,"column":33}},"59":{"start":{"line":127,"column":20},"end":{"line":127,"column":33}},"60":{"start":{"line":130,"column":16},"end":{"line":130,"column":29}},"61":{"start":{"line":134,"column":16},"end":{"line":153,"column":17}},"62":{"start":{"line":137,"column":20},"end":{"line":144,"column":21}},"63":{"start":{"line":139,"column":24},"end":{"line":142,"column":25}},"64":{"start":{"line":140,"column":28},"end":{"line":140,"column":63}},"65":{"start":{"line":141,"column":28},"end":{"line":141,"column":37}},"66":{"start":{"line":143,"column":24},"end":{"line":143,"column":37}},"67":{"start":{"line":146,"column":20},"end":{"line":150,"column":21}},"68":{"start":{"line":147,"column":24},"end":{"line":147,"column":44}},"69":{"start":{"line":148,"column":24},"end":{"line":148,"column":59}},"70":{"start":{"line":149,"column":24},"end":{"line":149,"column":33}},"71":{"start":{"line":152,"column":20},"end":{"line":152,"column":33}},"72":{"start":{"line":154,"column":16},"end":{"line":154,"column":29}},"73":{"start":{"line":157,"column":16},"end":{"line":157,"column":29}},"74":{"start":{"line":163,"column":8},"end":{"line":163,"column":52}},"75":{"start":{"line":168,"column":30},"end":{"line":170,"column":9}},"76":{"start":{"line":169,"column":24},"end":{"line":169,"column":55}},"77":{"start":{"line":172,"column":8},"end":{"line":172,"column":30}},"78":{"start":{"line":174,"column":8},"end":{"line":176,"column":37}},"79":{"start":{"line":175,"column":32},"end":{"line":175,"column":63}},"80":{"start":{"line":180,"column":8},"end":{"line":180,"column":38}},"81":{"start":{"line":181,"column":8},"end":{"line":181,"column":30}},"82":{"start":{"line":182,"column":8},"end":{"line":182,"column":28}},"83":{"start":{"line":183,"column":8},"end":{"line":183,"column":34}},"84":{"start":{"line":188,"column":8},"end":{"line":189,"column":20}},"85":{"start":{"line":188,"column":47},"end":{"line":188,"column":78}},"86":{"start":{"line":193,"column":8},"end":{"line":193,"column":32}},"87":{"start":{"line":197,"column":8},"end":{"line":197,"column":32}},"88":{"start":{"line":201,"column":8},"end":{"line":201,"column":34}},"89":{"start":{"line":205,"column":8},"end":{"line":205,"column":27}},"90":{"start":{"line":209,"column":8},"end":{"line":209,"column":26}},"91":{"start":{"line":213,"column":0},"end":{"line":213,"column":26}}},"fnMap":{"0":{"name":"(anonymous_0)","decl":{"start":{"line":4,"column":4},"end":{"line":4,"column":5}},"loc":{"start":{"line":11,"column":6},"end":{"line":19,"column":5}},"line":11},"1":{"name":"(anonymous_1)","decl":{"start":{"line":22,"column":4},"end":{"line":22,"column":5}},"loc":{"start":{"line":22,"column":40},"end":{"line":26,"column":5}},"line":22},"2":{"name":"(anonymous_2)","decl":{"start":{"line":28,"column":4},"end":{"line":28,"column":5}},"loc":{"start":{"line":28,"column":69},"end":{"line":159,"column":5}},"line":28},"3":{"name":"(anonymous_3)","decl":{"start":{"line":162,"column":4},"end":{"line":162,"column":5}},"loc":{"start":{"line":162,"column":34},"end":{"line":164,"column":5}},"line":162},"4":{"name":"(anonymous_4)","decl":{"start":{"line":167,"column":4},"end":{"line":167,"column":5}},"loc":{"start":{"line":167,"column":29},"end":{"line":177,"column":5}},"line":167},"5":{"name":"(anonymous_5)","decl":{"start":{"line":169,"column":12},"end":{"line":169,"column":13}},"loc":{"start":{"line":169,"column":24},"end":{"line":169,"column":55}},"line":169},"6":{"name":"(anonymous_6)","decl":{"start":{"line":175,"column":20},"end":{"line":175,"column":21}},"loc":{"start":{"line":175,"column":32},"end":{"line":175,"column":63}},"line":175},"7":{"name":"(anonymous_7)","decl":{"start":{"line":179,"column":4},"end":{"line":179,"column":5}},"loc":{"start":{"line":179,"column":34},"end":{"line":184,"column":5}},"line":179},"8":{"name":"(anonymous_8)","decl":{"start":{"line":187,"column":4},"end":{"line":187,"column":5}},"loc":{"start":{"line":187,"column":32},"end":{"line":190,"column":5}},"line":187},"9":{"name":"(anonymous_9)","decl":{"start":{"line":188,"column":35},"end":{"line":188,"column":36}},"loc":{"start":{"line":188,"column":47},"end":{"line":188,"column":78}},"line":188},"10":{"name":"(anonymous_10)","decl":{"start":{"line":192,"column":4},"end":{"line":192,"column":5}},"loc":{"start":{"line":192,"column":21},"end":{"line":194,"column":5}},"line":192},"11":{"name":"(anonymous_11)","decl":{"start":{"line":196,"column":4},"end":{"line":196,"column":5}},"loc":{"start":{"line":196,"column":21},"end":{"line":198,"column":5}},"line":196},"12":{"name":"(anonymous_12)","decl":{"start":{"line":200,"column":4},"end":{"line":200,"column":5}},"loc":{"start":{"line":200,"column":23},"end":{"line":202,"column":5}},"line":200},"13":{"name":"(anonymous_13)","decl":{"start":{"line":204,"column":4},"end":{"line":204,"column":5}},"loc":{"start":{"line":204,"column":16},"end":{"line":206,"column":5}},"line":204},"14":{"name":"(anonymous_14)","decl":{"start":{"line":208,"column":4},"end":{"line":208,"column":5}},"loc":{"start":{"line":208,"column":15},"end":{"line":210,"column":5}},"line":208}},"branchMap":{"0":{"loc":{"start":{"line":28,"column":8},"end":{"line":28,"column":20}},"type":"default-arg","locations":[{"start":{"line":28,"column":19},"end":{"line":28,"column":20}}],"line":28},"1":{"loc":{"start":{"line":28,"column":22},"end":{"line":28,"column":31}},"type":"default-arg","locations":[{"start":{"line":28,"column":30},"end":{"line":28,"column":31}}],"line":28},"2":{"loc":{"start":{"line":28,"column":33},"end":{"line":28,"column":45}},"type":"default-arg","locations":[{"start":{"line":28,"column":40},"end":{"line":28,"column":45}}],"line":28},"3":{"loc":{"start":{"line":28,"column":47},"end":{"line":28,"column":56}},"type":"default-arg","locations":[{"start":{"line":28,"column":55},"end":{"line":28,"column":56}}],"line":28},"4":{"loc":{"start":{"line":28,"column":58},"end":{"line":28,"column":67}},"type":"default-arg","locations":[{"start":{"line":28,"column":66},"end":{"line":28,"column":67}}],"line":28},"5":{"loc":{"start":{"line":30,"column":8},"end":{"line":32,"column":9}},"type":"if","locations":[{"start":{"line":30,"column":8},"end":{"line":32,"column":9}},{"start":{},"end":{}}],"line":30},"6":{"loc":{"start":{"line":34,"column":8},"end":{"line":36,"column":9}},"type":"if","locations":[{"start":{"line":34,"column":8},"end":{"line":36,"column":9}},{"start":{},"end":{}}],"line":34},"7":{"loc":{"start":{"line":38,"column":8},"end":{"line":40,"column":9}},"type":"if","locations":[{"start":{"line":38,"column":8},"end":{"line":40,"column":9}},{"start":{},"end":{}}],"line":38},"8":{"loc":{"start":{"line":42,"column":8},"end":{"line":44,"column":9}},"type":"if","locations":[{"start":{"line":42,"column":8},"end":{"line":44,"column":9}},{"start":{},"end":{}}],"line":42},"9":{"loc":{"start":{"line":47,"column":8},"end":{"line":51,"column":9}},"type":"if","locations":[{"start":{"line":47,"column":8},"end":{"line":51,"column":9}},{"start":{},"end":{}}],"line":47},"10":{"loc":{"start":{"line":48,"column":12},"end":{"line":50,"column":13}},"type":"if","locations":[{"start":{"line":48,"column":12},"end":{"line":50,"column":13}},{"start":{},"end":{}}],"line":48},"11":{"loc":{"start":{"line":54,"column":8},"end":{"line":56,"column":9}},"type":"if","locations":[{"start":{"line":54,"column":8},"end":{"line":56,"column":9}},{"start":{},"end":{}}],"line":54},"12":{"loc":{"start":{"line":58,"column":8},"end":{"line":158,"column":9}},"type":"switch","locations":[{"start":{"line":59,"column":12},"end":{"line":81,"column":29}},{"start":{"line":83,"column":12},"end":{"line":105,"column":29}},{"start":{"line":107,"column":12},"end":{"line":130,"column":29}},{"start":{"line":132,"column":12},"end":{"line":154,"column":29}},{"start":{"line":156,"column":12},"end":{"line":157,"column":29}}],"line":58},"13":{"loc":{"start":{"line":61,"column":16},"end":{"line":80,"column":17}},"type":"if","locations":[{"start":{"line":61,"column":16},"end":{"line":80,"column":17}},{"start":{},"end":{}}],"line":61},"14":{"loc":{"start":{"line":64,"column":20},"end":{"line":71,"column":21}},"type":"if","locations":[{"start":{"line":64,"column":20},"end":{"line":71,"column":21}},{"start":{},"end":{}}],"line":64},"15":{"loc":{"start":{"line":66,"column":24},"end":{"line":69,"column":25}},"type":"if","locations":[{"start":{"line":66,"column":24},"end":{"line":69,"column":25}},{"start":{},"end":{}}],"line":66},"16":{"loc":{"start":{"line":73,"column":20},"end":{"line":77,"column":21}},"type":"if","locations":[{"start":{"line":73,"column":20},"end":{"line":77,"column":21}},{"start":{},"end":{}}],"line":73},"17":{"loc":{"start":{"line":85,"column":16},"end":{"line":104,"column":17}},"type":"if","locations":[{"start":{"line":85,"column":16},"end":{"line":104,"column":17}},{"start":{},"end":{}}],"line":85},"18":{"loc":{"start":{"line":88,"column":20},"end":{"line":95,"column":21}},"type":"if","locations":[{"start":{"line":88,"column":20},"end":{"line":95,"column":21}},{"start":{},"end":{}}],"line":88},"19":{"loc":{"start":{"line":90,"column":24},"end":{"line":93,"column":25}},"type":"if","locations":[{"start":{"line":90,"column":24},"end":{"line":93,"column":25}},{"start":{},"end":{}}],"line":90},"20":{"loc":{"start":{"line":97,"column":20},"end":{"line":101,"column":21}},"type":"if","locations":[{"start":{"line":97,"column":20},"end":{"line":101,"column":21}},{"start":{},"end":{}}],"line":97},"21":{"loc":{"start":{"line":109,"column":16},"end":{"line":128,"column":17}},"type":"if","locations":[{"start":{"line":109,"column":16},"end":{"line":128,"column":17}},{"start":{},"end":{}}],"line":109},"22":{"loc":{"start":{"line":112,"column":20},"end":{"line":119,"column":21}},"type":"if","locations":[{"start":{"line":112,"column":20},"end":{"line":119,"column":21}},{"start":{},"end":{}}],"line":112},"23":{"loc":{"start":{"line":114,"column":24},"end":{"line":117,"column":25}},"type":"if","locations":[{"start":{"line":114,"column":24},"end":{"line":117,"column":25}},{"start":{},"end":{}}],"line":114},"24":{"loc":{"start":{"line":121,"column":20},"end":{"line":125,"column":21}},"type":"if","locations":[{"start":{"line":121,"column":20},"end":{"line":125,"column":21}},{"start":{},"end":{}}],"line":121},"25":{"loc":{"start":{"line":134,"column":16},"end":{"line":153,"column":17}},"type":"if","locations":[{"start":{"line":134,"column":16},"end":{"line":153,"column":17}},{"start":{},"end":{}}],"line":134},"26":{"loc":{"start":{"line":137,"column":20},"end":{"line":144,"column":21}},"type":"if","locations":[{"start":{"line":137,"column":20},"end":{"line":144,"column":21}},{"start":{},"end":{}}],"line":137},"27":{"loc":{"start":{"line":139,"column":24},"end":{"line":142,"column":25}},"type":"if","locations":[{"start":{"line":139,"column":24},"end":{"line":142,"column":25}},{"start":{},"end":{}}],"line":139},"28":{"loc":{"start":{"line":146,"column":20},"end":{"line":150,"column":21}},"type":"if","locations":[{"start":{"line":146,"column":20},"end":{"line":150,"column":21}},{"start":{},"end":{}}],"line":146}},"s":{"0":6,"1":19,"2":19,"3":19,"4":19,"5":19,"6":19,"7":19,"8":72,"9":72,"10":720,"11":19,"12":1,"13":18,"14":1,"15":17,"16":2,"17":15,"18":4,"19":11,"20":3,"21":2,"22":11,"23":1,"24":11,"25":7,"26":7,"27":2,"28":1,"29":1,"30":1,"31":5,"32":5,"33":5,"34":5,"35":0,"36":0,"37":1,"38":1,"39":0,"40":0,"41":0,"42":0,"43":1,"44":1,"45":1,"46":1,"47":0,"48":0,"49":1,"50":1,"51":0,"52":0,"53":0,"54":0,"55":1,"56":1,"57":1,"58":1,"59":0,"60":0,"61":1,"62":1,"63":0,"64":0,"65":0,"66":0,"67":1,"68":1,"69":1,"70":1,"71":0,"72":0,"73":1,"74":10,"75":9,"76":360,"77":9,"78":9,"79":360,"80":9,"81":9,"82":9,"83":9,"84":34,"85":1351,"86":2,"87":10,"88":2,"89":0,"90":0,"91":6},"f":{"0":19,"1":72,"2":19,"3":10,"4":9,"5":360,"6":360,"7":9,"8":34,"9":1351,"10":2,"11":10,"12":2,"13":0,"14":0},"b":{"0":[0],"1":[0],"2":[17],"3":[14],"4":[18],"5":[1,18],"6":[1,17],"7":[2,15],"8":[4,11],"9":[3,8],"10":[2,1],"11":[1,10],"12":[7,1,1,1,1],"13":[7,0],"14":[2,5],"15":[1,1],"16":[5,0],"17":[1,0],"18":[0,1],"19":[0,0],"20":[1,0],"21":[1,0],"22":[0,1],"23":[0,0],"24":[1,0],"25":[1,0],"26":[0,1],"27":[0,0],"28":[1,0]},"_coverageSchema":"1a1c01bbd47fc00a2c39e90264f33305004495a9","hash":"1d182683e1f4d7a33e03d8890ecaa83acdb8d779"}
,"/Users/aimericsorin/Documents/EPSI/I1/analyse_besoin/MachineACafeG3/src/machineBuilder.js": {"path":"/Users/aimericsorin/Documents/EPSI/I1/analyse_besoin/MachineACafeG3/src/machineBuilder.js","statementMap":{"0":{"start":{"line":1,"column":31},"end":{"line":1,"column":65}},"1":{"start":{"line":2,"column":55},"end":{"line":2,"column":77}},"2":{"start":{"line":3,"column":20},"end":{"line":3,"column":43}},"3":{"start":{"line":17,"column":8},"end":{"line":24,"column":10}},"4":{"start":{"line":31,"column":24},"end":{"line":31,"column":52}},"5":{"start":{"line":32,"column":8},"end":{"line":32,"column":52}},"6":{"start":{"line":33,"column":8},"end":{"line":33,"column":49}},"7":{"start":{"line":34,"column":8},"end":{"line":34,"column":44}},"8":{"start":{"line":35,"column":8},"end":{"line":35,"column":47}},"9":{"start":{"line":36,"column":8},"end":{"line":36,"column":23}},"10":{"start":{"line":48,"column":24},"end":{"line":48,"column":81}},"11":{"start":{"line":49,"column":8},"end":{"line":49,"column":52}},"12":{"start":{"line":50,"column":8},"end":{"line":50,"column":49}},"13":{"start":{"line":51,"column":8},"end":{"line":51,"column":44}},"14":{"start":{"line":52,"column":8},"end":{"line":52,"column":47}},"15":{"start":{"line":53,"column":8},"end":{"line":53,"column":23}},"16":{"start":{"line":60,"column":24},"end":{"line":60,"column":52}},"17":{"start":{"line":61,"column":8},"end":{"line":61,"column":49}},"18":{"start":{"line":62,"column":8},"end":{"line":62,"column":44}},"19":{"start":{"line":63,"column":8},"end":{"line":63,"column":47}},"20":{"start":{"line":64,"column":8},"end":{"line":64,"column":23}},"21":{"start":{"line":71,"column":24},"end":{"line":71,"column":52}},"22":{"start":{"line":72,"column":8},"end":{"line":72,"column":52}},"23":{"start":{"line":73,"column":8},"end":{"line":73,"column":44}},"24":{"start":{"line":74,"column":8},"end":{"line":74,"column":47}},"25":{"start":{"line":75,"column":8},"end":{"line":75,"column":23}},"26":{"start":{"line":82,"column":24},"end":{"line":82,"column":52}},"27":{"start":{"line":83,"column":8},"end":{"line":83,"column":52}},"28":{"start":{"line":84,"column":8},"end":{"line":84,"column":49}},"29":{"start":{"line":85,"column":8},"end":{"line":85,"column":47}},"30":{"start":{"line":86,"column":8},"end":{"line":86,"column":23}},"31":{"start":{"line":93,"column":24},"end":{"line":93,"column":52}},"32":{"start":{"line":94,"column":8},"end":{"line":94,"column":52}},"33":{"start":{"line":95,"column":8},"end":{"line":95,"column":49}},"34":{"start":{"line":96,"column":8},"end":{"line":96,"column":44}},"35":{"start":{"line":97,"column":8},"end":{"line":97,"column":23}},"36":{"start":{"line":104,"column":24},"end":{"line":104,"column":75}},"37":{"start":{"line":105,"column":8},"end":{"line":105,"column":52}},"38":{"start":{"line":106,"column":8},"end":{"line":106,"column":49}},"39":{"start":{"line":107,"column":8},"end":{"line":107,"column":47}},"40":{"start":{"line":108,"column":8},"end":{"line":108,"column":44}},"41":{"start":{"line":109,"column":8},"end":{"line":109,"column":23}},"42":{"start":{"line":116,"column":24},"end":{"line":121,"column":9}},"43":{"start":{"line":122,"column":8},"end":{"line":122,"column":52}},"44":{"start":{"line":123,"column":8},"end":{"line":123,"column":49}},"45":{"start":{"line":124,"column":8},"end":{"line":124,"column":47}},"46":{"start":{"line":125,"column":8},"end":{"line":125,"column":44}},"47":{"start":{"line":126,"column":8},"end":{"line":126,"column":23}},"48":{"start":{"line":134,"column":24},"end":{"line":141,"column":9}},"49":{"start":{"line":142,"column":8},"end":{"line":142,"column":52}},"50":{"start":{"line":143,"column":8},"end":{"line":143,"column":49}},"51":{"start":{"line":144,"column":8},"end":{"line":144,"column":47}},"52":{"start":{"line":145,"column":8},"end":{"line":145,"column":44}},"53":{"start":{"line":146,"column":8},"end":{"line":146,"column":23}},"54":{"start":{"line":150,"column":0},"end":{"line":150,"column":40}}},"fnMap":{"0":{"name":"(anonymous_0)","decl":{"start":{"line":9,"column":4},"end":{"line":9,"column":5}},"loc":{"start":{"line":16,"column":6},"end":{"line":25,"column":5}},"line":16},"1":{"name":"(anonymous_1)","decl":{"start":{"line":30,"column":4},"end":{"line":30,"column":5}},"loc":{"start":{"line":30,"column":34},"end":{"line":37,"column":5}},"line":30},"2":{"name":"(anonymous_2)","decl":{"start":{"line":42,"column":4},"end":{"line":42,"column":5}},"loc":{"start":{"line":47,"column":6},"end":{"line":54,"column":5}},"line":47},"3":{"name":"(anonymous_3)","decl":{"start":{"line":59,"column":4},"end":{"line":59,"column":5}},"loc":{"start":{"line":59,"column":45},"end":{"line":65,"column":5}},"line":59},"4":{"name":"(anonymous_4)","decl":{"start":{"line":70,"column":4},"end":{"line":70,"column":5}},"loc":{"start":{"line":70,"column":42},"end":{"line":76,"column":5}},"line":70},"5":{"name":"(anonymous_5)","decl":{"start":{"line":81,"column":4},"end":{"line":81,"column":5}},"loc":{"start":{"line":81,"column":37},"end":{"line":87,"column":5}},"line":81},"6":{"name":"(anonymous_6)","decl":{"start":{"line":92,"column":4},"end":{"line":92,"column":5}},"loc":{"start":{"line":92,"column":40},"end":{"line":98,"column":5}},"line":92},"7":{"name":"(anonymous_7)","decl":{"start":{"line":103,"column":4},"end":{"line":103,"column":5}},"loc":{"start":{"line":103,"column":37},"end":{"line":110,"column":5}},"line":103},"8":{"name":"(anonymous_8)","decl":{"start":{"line":115,"column":4},"end":{"line":115,"column":5}},"loc":{"start":{"line":115,"column":39},"end":{"line":127,"column":5}},"line":115},"9":{"name":"(anonymous_9)","decl":{"start":{"line":133,"column":4},"end":{"line":133,"column":5}},"loc":{"start":{"line":133,"column":43},"end":{"line":147,"column":5}},"line":133}},"branchMap":{"0":{"loc":{"start":{"line":10,"column":8},"end":{"line":10,"column":22}},"type":"default-arg","locations":[{"start":{"line":10,"column":20},"end":{"line":10,"column":22}}],"line":10},"1":{"loc":{"start":{"line":11,"column":8},"end":{"line":11,"column":24}},"type":"default-arg","locations":[{"start":{"line":11,"column":22},"end":{"line":11,"column":24}}],"line":11},"2":{"loc":{"start":{"line":12,"column":8},"end":{"line":12,"column":24}},"type":"default-arg","locations":[{"start":{"line":12,"column":22},"end":{"line":12,"column":24}}],"line":12},"3":{"loc":{"start":{"line":13,"column":8},"end":{"line":13,"column":26}},"type":"default-arg","locations":[{"start":{"line":13,"column":24},"end":{"line":13,"column":26}}],"line":13},"4":{"loc":{"start":{"line":14,"column":8},"end":{"line":14,"column":17}},"type":"default-arg","locations":[{"start":{"line":14,"column":16},"end":{"line":14,"column":17}}],"line":14},"5":{"loc":{"start":{"line":15,"column":8},"end":{"line":15,"column":67}},"type":"default-arg","locations":[{"start":{"line":15,"column":22},"end":{"line":15,"column":67}}],"line":15},"6":{"loc":{"start":{"line":43,"column":8},"end":{"line":43,"column":22}},"type":"default-arg","locations":[{"start":{"line":43,"column":20},"end":{"line":43,"column":22}}],"line":43},"7":{"loc":{"start":{"line":44,"column":8},"end":{"line":44,"column":24}},"type":"default-arg","locations":[{"start":{"line":44,"column":22},"end":{"line":44,"column":24}}],"line":44},"8":{"loc":{"start":{"line":45,"column":8},"end":{"line":45,"column":26}},"type":"default-arg","locations":[{"start":{"line":45,"column":24},"end":{"line":45,"column":26}}],"line":45},"9":{"loc":{"start":{"line":46,"column":8},"end":{"line":46,"column":17}},"type":"default-arg","locations":[{"start":{"line":46,"column":16},"end":{"line":46,"column":17}}],"line":46}},"s":{"0":6,"1":6,"2":6,"3":19,"4":10,"5":10,"6":10,"7":10,"8":10,"9":10,"10":2,"11":2,"12":2,"13":2,"14":2,"15":2,"16":1,"17":1,"18":1,"19":1,"20":1,"21":1,"22":1,"23":1,"24":1,"25":1,"26":1,"27":1,"28":1,"29":1,"30":1,"31":1,"32":1,"33":1,"34":1,"35":1,"36":1,"37":1,"38":1,"39":1,"40":1,"41":1,"42":1,"43":1,"44":1,"45":1,"46":1,"47":1,"48":1,"49":1,"50":1,"51":1,"52":1,"53":1,"54":6},"f":{"0":19,"1":10,"2":2,"3":1,"4":1,"5":1,"6":1,"7":1,"8":1,"9":1},"b":{"0":[17],"1":[17],"2":[16],"3":[18],"4":[19],"5":[18],"6":[0],"7":[1],"8":[2],"9":[2]},"_coverageSchema":"1a1c01bbd47fc00a2c39e90264f33305004495a9","hash":"1eb460ef936999e50af404a45921de353d78db2f"}
}
