TN:
SF:src/cardPayment.js
FN:2,(anonymous_0)
FN:5,(anonymous_1)
FN:13,(anonymous_2)
FNF:3
FNH:3
FNDA:23,(anonymous_0)
FNDA:2,(anonymous_1)
FNDA:4,(anonymous_2)
DA:3,23
DA:6,2
DA:7,1
DA:8,1
DA:10,1
DA:14,4
DA:18,7
LF:7
LH:7
BRDA:6,0,0,1
BRDA:6,0,1,1
BRF:2
BRH:2
end_of_record
TN:
SF:src/cardPaymentBuilder.js
FN:8,(anonymous_0)
FN:14,(anonymous_1)
FN:21,(anonymous_2)
FN:28,(anonymous_3)
FNF:4
FNH:3
FNDA:23,(anonymous_0)
FNDA:22,(anonymous_1)
FNDA:0,(anonymous_2)
FNDA:1,(anonymous_3)
DA:1,7
DA:9,23
DA:15,22
DA:16,22
DA:22,0
DA:23,0
DA:29,1
DA:30,1
DA:34,7
LF:9
LH:7
BRDA:8,0,0,22
BRDA:21,1,0,0
BRF:2
BRH:1
end_of_record
TN:
SF:src/coffee.js
FN:2,(anonymous_0)
FN:8,(anonymous_1)
FN:18,(anonymous_2)
FN:28,(anonymous_3)
FN:38,(anonymous_4)
FNF:5
FNH:5
FNDA:88,(anonymous_0)
FNDA:22,(anonymous_1)
FNDA:22,(anonymous_2)
FNDA:22,(anonymous_3)
FNDA:22,(anonymous_4)
DA:3,88
DA:9,22
DA:10,22
DA:13,7
DA:14,7
DA:19,22
DA:20,22
DA:23,7
DA:24,7
DA:29,22
DA:30,22
DA:33,7
DA:34,7
DA:39,22
DA:40,22
DA:43,7
DA:44,7
DA:47,7
DA:48,7
DA:49,7
DA:50,7
LF:21
LH:21
BRF:0
BRH:0
end_of_record
TN:
SF:src/machine.js
FN:4,(anonymous_0)
FN:22,(anonymous_1)
FN:28,(anonymous_2)
FN:180,(anonymous_3)
FN:185,(anonymous_4)
FN:187,(anonymous_5)
FN:193,(anonymous_6)
FN:197,(anonymous_7)
FN:205,(anonymous_8)
FN:206,(anonymous_9)
FN:210,(anonymous_10)
FN:214,(anonymous_11)
FN:218,(anonymous_12)
FN:222,(anonymous_13)
FN:226,(anonymous_14)
FNF:15
FNH:13
FNDA:23,(anonymous_0)
FNDA:88,(anonymous_1)
FNDA:23,(anonymous_2)
FNDA:14,(anonymous_3)
FNDA:11,(anonymous_4)
FNDA:440,(anonymous_5)
FNDA:440,(anonymous_6)
FNDA:11,(anonymous_7)
FNDA:46,(anonymous_8)
FNDA:1829,(anonymous_9)
FNDA:2,(anonymous_10)
FNDA:10,(anonymous_11)
FNDA:2,(anonymous_12)
FNDA:0,(anonymous_13)
FNDA:0,(anonymous_14)
DA:1,7
DA:12,23
DA:13,23
DA:14,23
DA:15,23
DA:16,23
DA:17,23
DA:18,23
DA:23,88
DA:24,880
DA:30,23
DA:31,1
DA:34,22
DA:35,1
DA:38,21
DA:39,2
DA:42,19
DA:43,4
DA:47,15
DA:48,3
DA:49,2
DA:54,15
DA:55,1
DA:58,15
DA:61,11
DA:64,11
DA:66,2
DA:67,1
DA:68,1
DA:70,1
DA:73,9
DA:77,7
DA:78,7
DA:79,7
DA:80,6
DA:82,1
DA:85,2
DA:87,0
DA:91,1
DA:94,1
DA:96,0
DA:97,0
DA:98,0
DA:100,0
DA:103,1
DA:107,1
DA:108,1
DA:109,1
DA:110,1
DA:112,0
DA:115,0
DA:117,0
DA:121,1
DA:124,1
DA:126,0
DA:127,0
DA:128,0
DA:130,0
DA:133,1
DA:134,1
DA:135,1
DA:136,1
DA:137,1
DA:139,0
DA:142,0
DA:145,0
DA:149,1
DA:152,1
DA:154,0
DA:155,0
DA:156,0
DA:158,0
DA:161,1
DA:162,1
DA:163,1
DA:164,1
DA:165,1
DA:167,0
DA:170,0
DA:172,0
DA:175,1
DA:181,14
DA:186,11
DA:187,440
DA:190,11
DA:192,11
DA:193,440
DA:198,11
DA:199,11
DA:200,11
DA:201,11
DA:206,1829
DA:211,2
DA:215,10
DA:219,2
DA:223,0
DA:227,0
DA:231,7
LF:98
LH:74
BRDA:28,0,0,0
BRDA:28,1,0,0
BRDA:28,2,0,17
BRDA:28,3,0,18
BRDA:28,4,0,22
BRDA:30,5,0,1
BRDA:30,5,1,22
BRDA:34,6,0,1
BRDA:34,6,1,21
BRDA:38,7,0,2
BRDA:38,7,1,19
BRDA:42,8,0,4
BRDA:42,8,1,15
BRDA:47,9,0,3
BRDA:47,9,1,12
BRDA:48,10,0,2
BRDA:48,10,1,1
BRDA:54,11,0,1
BRDA:54,11,1,14
BRDA:58,12,0,11
BRDA:58,12,1,1
BRDA:58,12,2,1
BRDA:58,12,3,1
BRDA:58,12,4,1
BRDA:61,13,0,11
BRDA:61,13,1,0
BRDA:64,14,0,2
BRDA:64,14,1,9
BRDA:66,15,0,1
BRDA:66,15,1,1
BRDA:73,16,0,7
BRDA:73,16,1,2
BRDA:74,17,0,9
BRDA:74,17,1,8
BRDA:79,18,0,6
BRDA:79,18,1,1
BRDA:91,19,0,1
BRDA:91,19,1,0
BRDA:94,20,0,0
BRDA:94,20,1,1
BRDA:96,21,0,0
BRDA:96,21,1,0
BRDA:103,22,0,1
BRDA:103,22,1,0
BRDA:104,23,0,1
BRDA:104,23,1,1
BRDA:109,24,0,1
BRDA:109,24,1,0
BRDA:121,25,0,1
BRDA:121,25,1,0
BRDA:124,26,0,0
BRDA:124,26,1,1
BRDA:126,27,0,0
BRDA:126,27,1,0
BRDA:133,28,0,1
BRDA:133,28,1,0
BRDA:133,29,0,1
BRDA:133,29,1,1
BRDA:136,30,0,1
BRDA:136,30,1,0
BRDA:149,31,0,1
BRDA:149,31,1,0
BRDA:152,32,0,0
BRDA:152,32,1,1
BRDA:154,33,0,0
BRDA:154,33,1,0
BRDA:161,34,0,1
BRDA:161,34,1,0
BRDA:161,35,0,1
BRDA:161,35,1,1
BRDA:164,36,0,1
BRDA:164,36,1,0
BRF:72
BRH:51
end_of_record
TN:
SF:src/machineBuilder.js
FN:9,(anonymous_0)
FN:30,(anonymous_1)
FN:42,(anonymous_2)
FN:66,(anonymous_3)
FN:77,(anonymous_4)
FN:88,(anonymous_5)
FN:99,(anonymous_6)
FN:110,(anonymous_7)
FN:122,(anonymous_8)
FN:140,(anonymous_9)
FNF:10
FNH:10
FNDA:23,(anonymous_0)
FNDA:13,(anonymous_1)
FNDA:3,(anonymous_2)
FNDA:1,(anonymous_3)
FNDA:1,(anonymous_4)
FNDA:1,(anonymous_5)
FNDA:1,(anonymous_6)
FNDA:1,(anonymous_7)
FNDA:1,(anonymous_8)
FNDA:1,(anonymous_9)
DA:1,7
DA:2,7
DA:3,7
DA:17,23
DA:31,13
DA:32,13
DA:33,13
DA:34,13
DA:35,13
DA:36,13
DA:49,3
DA:56,3
DA:57,3
DA:58,3
DA:59,3
DA:60,3
DA:67,1
DA:68,1
DA:69,1
DA:70,1
DA:71,1
DA:78,1
DA:79,1
DA:80,1
DA:81,1
DA:82,1
DA:89,1
DA:90,1
DA:91,1
DA:92,1
DA:93,1
DA:100,1
DA:101,1
DA:102,1
DA:103,1
DA:104,1
DA:111,1
DA:112,1
DA:113,1
DA:114,1
DA:115,1
DA:116,1
DA:123,1
DA:129,1
DA:130,1
DA:131,1
DA:132,1
DA:133,1
DA:141,1
DA:149,1
DA:150,1
DA:151,1
DA:152,1
DA:153,1
DA:157,7
LF:55
LH:55
BRDA:10,0,0,20
BRDA:11,1,0,20
BRDA:12,2,0,19
BRDA:13,3,0,19
BRDA:14,4,0,20
BRDA:15,5,0,22
BRDA:43,6,0,1
BRDA:44,7,0,2
BRDA:45,8,0,3
BRDA:46,9,0,3
BRDA:47,10,0,2
BRF:11
BRH:11
end_of_record
