TN:
SF:src/cardPayment.js
FN:2,(anonymous_0)
FN:5,(anonymous_1)
FN:13,(anonymous_2)
FNF:3
FNH:3
FNDA:19,(anonymous_0)
FNDA:2,(anonymous_1)
FNDA:4,(anonymous_2)
DA:3,19
DA:6,2
DA:7,1
DA:8,1
DA:10,1
DA:14,4
DA:18,6
LF:7
LH:7
BRDA:6,0,0,1
BRDA:6,0,1,1
BRF:2
BRH:2
end_of_record
TN:
SF:src/cardPaymentBuilder.js
FN:8,(anonymous_0)
FN:14,(anonymous_1)
FN:21,(anonymous_2)
FN:28,(anonymous_3)
FNF:4
FNH:3
FNDA:19,(anonymous_0)
FNDA:18,(anonymous_1)
FNDA:0,(anonymous_2)
FNDA:1,(anonymous_3)
DA:1,6
DA:9,19
DA:15,18
DA:16,18
DA:22,0
DA:23,0
DA:29,1
DA:30,1
DA:34,6
LF:9
LH:7
BRDA:8,0,0,18
BRDA:21,1,0,0
BRF:2
BRH:1
end_of_record
TN:
SF:src/coffee.js
FN:2,(anonymous_0)
FN:8,(anonymous_1)
FN:18,(anonymous_2)
FN:28,(anonymous_3)
FN:38,(anonymous_4)
FNF:5
FNH:5
FNDA:72,(anonymous_0)
FNDA:18,(anonymous_1)
FNDA:18,(anonymous_2)
FNDA:18,(anonymous_3)
FNDA:18,(anonymous_4)
DA:3,72
DA:9,18
DA:10,18
DA:13,6
DA:14,6
DA:19,18
DA:20,18
DA:23,6
DA:24,6
DA:29,18
DA:30,18
DA:33,6
DA:34,6
DA:39,18
DA:40,18
DA:43,6
DA:44,6
DA:47,6
DA:48,6
DA:49,6
DA:50,6
LF:21
LH:21
BRF:0
BRH:0
end_of_record
TN:
SF:src/machine.js
FN:4,(anonymous_0)
FN:22,(anonymous_1)
FN:28,(anonymous_2)
FN:162,(anonymous_3)
FN:167,(anonymous_4)
FN:169,(anonymous_5)
FN:175,(anonymous_6)
FN:179,(anonymous_7)
FN:187,(anonymous_8)
FN:188,(anonymous_9)
FN:192,(anonymous_10)
FN:196,(anonymous_11)
FN:200,(anonymous_12)
FN:204,(anonymous_13)
FN:208,(anonymous_14)
FNF:15
FNH:13
FNDA:19,(anonymous_0)
FNDA:72,(anonymous_1)
FNDA:19,(anonymous_2)
FNDA:10,(anonymous_3)
FNDA:9,(anonymous_4)
FNDA:360,(anonymous_5)
FNDA:360,(anonymous_6)
FNDA:9,(anonymous_7)
FNDA:34,(anonymous_8)
FNDA:1351,(anonymous_9)
FNDA:2,(anonymous_10)
FNDA:10,(anonymous_11)
FNDA:2,(anonymous_12)
FNDA:0,(anonymous_13)
FNDA:0,(anonymous_14)
DA:1,6
DA:12,19
DA:13,19
DA:14,19
DA:15,19
DA:16,19
DA:17,19
DA:18,19
DA:23,72
DA:24,720
DA:30,19
DA:31,1
DA:34,18
DA:35,1
DA:38,17
DA:39,2
DA:42,15
DA:43,4
DA:47,11
DA:48,3
DA:49,2
DA:54,11
DA:55,1
DA:58,11
DA:61,7
DA:64,7
DA:66,2
DA:67,1
DA:68,1
DA:70,1
DA:73,5
DA:74,5
DA:75,5
DA:76,5
DA:79,0
DA:81,0
DA:85,1
DA:88,1
DA:90,0
DA:91,0
DA:92,0
DA:94,0
DA:97,1
DA:98,1
DA:99,1
DA:100,1
DA:103,0
DA:105,0
DA:109,1
DA:112,1
DA:114,0
DA:115,0
DA:116,0
DA:118,0
DA:121,1
DA:122,1
DA:123,1
DA:124,1
DA:127,0
DA:130,0
DA:134,1
DA:137,1
DA:139,0
DA:140,0
DA:141,0
DA:143,0
DA:146,1
DA:147,1
DA:148,1
DA:149,1
DA:152,0
DA:154,0
DA:157,1
DA:163,10
DA:168,9
DA:169,360
DA:172,9
DA:174,9
DA:175,360
DA:180,9
DA:181,9
DA:182,9
DA:183,9
DA:188,1351
DA:193,2
DA:197,10
DA:201,2
DA:205,0
DA:209,0
DA:213,6
LF:90
LH:68
BRDA:28,0,0,0
BRDA:28,1,0,0
BRDA:28,2,0,17
BRDA:28,3,0,14
BRDA:28,4,0,18
BRDA:30,5,0,1
BRDA:30,5,1,18
BRDA:34,6,0,1
BRDA:34,6,1,17
BRDA:38,7,0,2
BRDA:38,7,1,15
BRDA:42,8,0,4
BRDA:42,8,1,11
BRDA:47,9,0,3
BRDA:47,9,1,8
BRDA:48,10,0,2
BRDA:48,10,1,1
BRDA:54,11,0,1
BRDA:54,11,1,10
BRDA:58,12,0,7
BRDA:58,12,1,1
BRDA:58,12,2,1
BRDA:58,12,3,1
BRDA:58,12,4,1
BRDA:61,13,0,7
BRDA:61,13,1,0
BRDA:64,14,0,2
BRDA:64,14,1,5
BRDA:66,15,0,1
BRDA:66,15,1,1
BRDA:73,16,0,5
BRDA:73,16,1,0
BRDA:85,17,0,1
BRDA:85,17,1,0
BRDA:88,18,0,0
BRDA:88,18,1,1
BRDA:90,19,0,0
BRDA:90,19,1,0
BRDA:97,20,0,1
BRDA:97,20,1,0
BRDA:109,21,0,1
BRDA:109,21,1,0
BRDA:112,22,0,0
BRDA:112,22,1,1
BRDA:114,23,0,0
BRDA:114,23,1,0
BRDA:121,24,0,1
BRDA:121,24,1,0
BRDA:134,25,0,1
BRDA:134,25,1,0
BRDA:137,26,0,0
BRDA:137,26,1,1
BRDA:139,27,0,0
BRDA:139,27,1,0
BRDA:146,28,0,1
BRDA:146,28,1,0
BRF:56
BRH:37
end_of_record
TN:
SF:src/machineBuilder.js
FN:9,(anonymous_0)
FN:30,(anonymous_1)
FN:42,(anonymous_2)
FN:59,(anonymous_3)
FN:70,(anonymous_4)
FN:81,(anonymous_5)
FN:92,(anonymous_6)
FN:103,(anonymous_7)
FN:115,(anonymous_8)
FN:133,(anonymous_9)
FNF:10
FNH:10
FNDA:19,(anonymous_0)
FNDA:10,(anonymous_1)
FNDA:2,(anonymous_2)
FNDA:1,(anonymous_3)
FNDA:1,(anonymous_4)
FNDA:1,(anonymous_5)
FNDA:1,(anonymous_6)
FNDA:1,(anonymous_7)
FNDA:1,(anonymous_8)
FNDA:1,(anonymous_9)
DA:1,6
DA:2,6
DA:3,6
DA:17,19
DA:31,10
DA:32,10
DA:33,10
DA:34,10
DA:35,10
DA:36,10
DA:48,2
DA:49,2
DA:50,2
DA:51,2
DA:52,2
DA:53,2
DA:60,1
DA:61,1
DA:62,1
DA:63,1
DA:64,1
DA:71,1
DA:72,1
DA:73,1
DA:74,1
DA:75,1
DA:82,1
DA:83,1
DA:84,1
DA:85,1
DA:86,1
DA:93,1
DA:94,1
DA:95,1
DA:96,1
DA:97,1
DA:104,1
DA:105,1
DA:106,1
DA:107,1
DA:108,1
DA:109,1
DA:116,1
DA:122,1
DA:123,1
DA:124,1
DA:125,1
DA:126,1
DA:134,1
DA:142,1
DA:143,1
DA:144,1
DA:145,1
DA:146,1
DA:150,6
LF:55
LH:55
BRDA:10,0,0,17
BRDA:11,1,0,17
BRDA:12,2,0,16
BRDA:13,3,0,18
BRDA:14,4,0,19
BRDA:15,5,0,18
BRDA:43,6,0,0
BRDA:44,7,0,1
BRDA:45,8,0,2
BRDA:46,9,0,2
BRF:10
BRH:9
end_of_record
